2026-03-16 10:14:47,786 INFO [executor] TRADE EJECUTADO: SELL AAPL @ $250.12 | $500.00 (1.9990 shares)
2026-03-16 10:32:36,052 INFO [executor] TRADE EJECUTADO: SELL AAPL @ $250.12 | $500.00 (1.9990 shares)
2026-03-16 10:32:36,403 INFO [executor] TRADE EJECUTADO: SELL MSFT @ $395.55 | $500.00 (1.2641 shares)
2026-03-16 10:32:36,844 INFO [executor] TRADE EJECUTADO: SELL NVDA @ $180.25 | $500.00 (2.7739 shares)
2026-03-16 10:32:37,376 INFO [executor] TRADE EJECUTADO: SELL SPY @ $662.29 | $500.00 (0.7550 shares)
2026-03-16 10:51:08,364 INFO [executor] TRADE EJECUTADO: SELL AAPL @ $250.12 | $500.00 (1.9990 shares)
2026-03-16 10:51:09,346 INFO [executor] TRADE EJECUTADO: SELL MSFT @ $395.55 | $500.00 (1.2641 shares)
2026-03-16 10:51:09,985 INFO [executor] TRADE EJECUTADO: SELL NVDA @ $180.25 | $500.00 (2.7739 shares)
2026-03-16 10:51:10,367 INFO [executor] TRADE EJECUTADO: SELL SPY @ $662.29 | $500.00 (0.7550 shares)
2026-03-16 10:53:29,050 INFO [executor] TRADE EJECUTADO: SELL AAPL @ $250.12 | $500.00 (1.9990 shares)
2026-03-16 10:53:29,551 INFO [executor] TRADE EJECUTADO: SELL MSFT @ $395.55 | $500.00 (1.2641 shares)
2026-03-16 10:53:30,023 INFO [executor] TRADE EJECUTADO: SELL NVDA @ $180.25 | $500.00 (2.7739 shares)
2026-03-16 10:53:30,564 INFO [executor] TRADE EJECUTADO: SELL SPY @ $662.29 | $500.00 (0.7550 shares)
2026-03-16 11:10:50,472 INFO [executor] TRADE EJECUTADO: SELL AAPL @ $250.12 | $500.00 (1.9990 shares)
2026-03-16 11:10:51,029 INFO [executor] TRADE EJECUTADO: SELL MSFT @ $395.55 | $500.00 (1.2641 shares)
2026-03-16 11:10:51,552 INFO [executor] TRADE EJECUTADO: SELL NVDA @ $180.25 | $500.00 (2.7739 shares)
2026-03-16 11:10:52,080 INFO [executor] TRADE EJECUTADO: SELL SPY @ $662.29 | $500.00 (0.7550 shares)
2026-03-16 13:12:55,813 INFO [executor] AAPL: trade rechazado — Ya hay posición abierta en AAPL
2026-03-16 13:12:56,337 INFO [executor] MSFT: trade rechazado — Ya hay posición abierta en MSFT
2026-03-16 13:12:56,906 INFO [executor] NVDA: trade rechazado — Ya hay posición abierta en NVDA
2026-03-16 13:12:57,544 INFO [executor] SPY: trade rechazado — Ya hay posición abierta en SPY
2026-03-16 14:13:24,751 INFO [executor] AAPL: trade rechazado — Ya hay posición abierta en AAPL
2026-03-16 14:13:25,322 INFO [executor] MSFT: trade rechazado — Ya hay posición abierta en MSFT
2026-03-16 14:13:25,913 INFO [executor] NVDA: trade rechazado — Ya hay posición abierta en NVDA
2026-03-16 14:13:26,680 INFO [executor] SPY: trade rechazado — Ya hay posición abierta en SPY
