2026-03-16 10:13:24,660 INFO [predictor] AAPL fold 1: accuracy=0.667
2026-03-16 10:13:24,753 INFO [predictor] AAPL fold 2: accuracy=0.472
2026-03-16 10:13:24,822 INFO [predictor] AAPL fold 3: accuracy=0.472
2026-03-16 10:13:24,904 INFO [predictor] AAPL: modelo guardado en disco
2026-03-16 10:13:24,904 INFO [predictor] AAPL: entrenado. Accuracy CV = 0.537
2026-03-16 10:13:24,906 INFO [predictor] AAPL: señal=SELL confianza=0.783
2026-03-16 10:14:47,333 INFO [predictor] AAPL fold 1: accuracy=0.667
2026-03-16 10:14:47,392 INFO [predictor] AAPL fold 2: accuracy=0.472
2026-03-16 10:14:47,445 INFO [predictor] AAPL fold 3: accuracy=0.472
2026-03-16 10:14:47,504 INFO [predictor] AAPL: modelo guardado en disco
2026-03-16 10:14:47,504 INFO [predictor] AAPL: entrenado. Accuracy CV = 0.537
2026-03-16 10:14:47,506 INFO [predictor] AAPL: señal=SELL confianza=0.783
2026-03-16 10:18:30,552 INFO [predictor] AAPL_bt fold 1: accuracy=0.562
2026-03-16 10:18:30,619 INFO [predictor] AAPL_bt fold 2: accuracy=0.405
2026-03-16 10:18:30,692 INFO [predictor] AAPL_bt fold 3: accuracy=0.512
2026-03-16 10:18:30,794 INFO [predictor] AAPL_bt: modelo guardado en disco
2026-03-16 10:18:30,794 INFO [predictor] AAPL_bt: entrenado. Accuracy CV = 0.493
2026-03-16 10:18:30,795 INFO [predictor] AAPL_bt: señal=HOLD confianza=0.541
2026-03-16 10:18:30,796 INFO [predictor] AAPL_bt: señal=HOLD confianza=0.504
2026-03-16 10:18:30,797 INFO [predictor] AAPL_bt: señal=BUY confianza=0.572
2026-03-16 10:18:30,798 INFO [predictor] AAPL_bt: señal=BUY confianza=0.760
2026-03-16 10:18:30,799 INFO [predictor] AAPL_bt: señal=BUY confianza=0.672
2026-03-16 10:18:30,800 INFO [predictor] AAPL_bt: señal=BUY confianza=0.683
2026-03-16 10:18:30,801 INFO [predictor] AAPL_bt: señal=BUY confianza=0.700
2026-03-16 10:18:30,802 INFO [predictor] AAPL_bt: señal=BUY confianza=0.726
2026-03-16 10:18:30,802 INFO [predictor] AAPL_bt: señal=BUY confianza=0.616
2026-03-16 10:18:30,803 INFO [predictor] AAPL_bt: señal=HOLD confianza=0.500
2026-03-16 10:18:30,804 INFO [predictor] AAPL_bt: señal=HOLD confianza=0.539
2026-03-16 10:18:30,805 INFO [predictor] AAPL_bt: señal=BUY confianza=0.594
2026-03-16 10:18:30,806 INFO [predictor] AAPL_bt: señal=BUY confianza=0.600
2026-03-16 10:18:30,806 INFO [predictor] AAPL_bt: señal=BUY confianza=0.692
2026-03-16 10:18:30,807 INFO [predictor] AAPL_bt: señal=BUY confianza=0.624
2026-03-16 10:18:30,808 INFO [predictor] AAPL_bt: señal=BUY confianza=0.617
2026-03-16 10:18:30,809 INFO [predictor] AAPL_bt: señal=BUY confianza=0.567
2026-03-16 10:18:30,810 INFO [predictor] AAPL_bt: señal=BUY confianza=0.732
2026-03-16 10:18:30,811 INFO [predictor] AAPL_bt: señal=BUY confianza=0.667
2026-03-16 10:18:30,811 INFO [predictor] AAPL_bt: señal=BUY confianza=0.700
2026-03-16 10:18:30,813 INFO [predictor] AAPL_bt: señal=BUY confianza=0.728
2026-03-16 10:18:30,814 INFO [predictor] AAPL_bt: señal=BUY confianza=0.706
2026-03-16 10:18:30,814 INFO [predictor] AAPL_bt: señal=BUY confianza=0.590
2026-03-16 10:18:30,815 INFO [predictor] AAPL_bt: señal=HOLD confianza=0.517
2026-03-16 10:18:30,816 INFO [predictor] AAPL_bt: señal=BUY confianza=0.561
2026-03-16 10:18:30,817 INFO [predictor] AAPL_bt: señal=BUY confianza=0.582
2026-03-16 10:18:30,817 INFO [predictor] AAPL_bt: señal=BUY confianza=0.588
2026-03-16 10:18:30,818 INFO [predictor] AAPL_bt: señal=HOLD confianza=0.527
2026-03-16 10:18:30,819 INFO [predictor] AAPL_bt: señal=BUY confianza=0.608
2026-03-16 10:18:30,820 INFO [predictor] AAPL_bt: señal=HOLD confianza=0.540
2026-03-16 10:18:30,821 INFO [predictor] AAPL_bt: señal=BUY confianza=0.585
2026-03-16 10:18:30,822 INFO [predictor] AAPL_bt: señal=BUY confianza=0.645
2026-03-16 10:18:30,823 INFO [predictor] AAPL_bt: señal=BUY confianza=0.607
2026-03-16 10:18:30,824 INFO [predictor] AAPL_bt: señal=BUY confianza=0.644
2026-03-16 10:18:30,825 INFO [predictor] AAPL_bt: señal=BUY confianza=0.610
2026-03-16 10:18:30,826 INFO [predictor] AAPL_bt: señal=BUY confianza=0.610
2026-03-16 10:18:30,826 INFO [predictor] AAPL_bt: señal=BUY confianza=0.594
2026-03-16 10:18:30,827 INFO [predictor] AAPL_bt: señal=BUY confianza=0.595
2026-03-16 10:18:30,828 INFO [predictor] AAPL_bt: señal=BUY confianza=0.754
2026-03-16 10:18:30,830 INFO [predictor] AAPL_bt: señal=BUY confianza=0.640
2026-03-16 10:18:30,830 INFO [predictor] AAPL_bt: señal=BUY confianza=0.626
2026-03-16 10:18:30,831 INFO [predictor] AAPL_bt: señal=HOLD confianza=0.535
2026-03-16 10:18:30,832 INFO [predictor] AAPL_bt: señal=SELL confianza=0.557
2026-03-16 10:18:30,833 INFO [predictor] AAPL_bt: señal=BUY confianza=0.652
2026-03-16 10:18:30,834 INFO [predictor] AAPL_bt: señal=BUY confianza=0.644
2026-03-16 10:18:30,835 INFO [predictor] AAPL_bt: señal=BUY confianza=0.646
2026-03-16 10:18:30,836 INFO [predictor] AAPL_bt: señal=BUY confianza=0.657
2026-03-16 10:18:30,837 INFO [predictor] AAPL_bt: señal=BUY confianza=0.655
2026-03-16 10:18:30,837 INFO [predictor] AAPL_bt: señal=SELL confianza=0.587
2026-03-16 10:18:30,838 INFO [predictor] AAPL_bt: señal=SELL confianza=0.693
2026-03-16 10:18:30,839 INFO [predictor] AAPL_bt: señal=HOLD confianza=0.540
2026-03-16 10:18:30,840 INFO [predictor] AAPL_bt: señal=SELL confianza=0.743
2026-03-16 10:18:30,841 INFO [predictor] AAPL_bt: señal=HOLD confianza=0.501
2026-03-16 10:18:30,841 INFO [predictor] AAPL_bt: señal=BUY confianza=0.694
2026-03-16 10:18:30,842 INFO [predictor] AAPL_bt: señal=BUY confianza=0.560
2026-03-16 10:18:30,843 INFO [predictor] AAPL_bt: señal=HOLD confianza=0.536
2026-03-16 10:18:30,844 INFO [predictor] AAPL_bt: señal=BUY confianza=0.592
2026-03-16 10:18:30,844 INFO [predictor] AAPL_bt: señal=BUY confianza=0.570
2026-03-16 10:18:30,845 INFO [predictor] AAPL_bt: señal=HOLD confianza=0.544
2026-03-16 10:18:30,846 INFO [predictor] AAPL_bt: señal=BUY confianza=0.620
2026-03-16 10:18:30,847 INFO [predictor] AAPL_bt: señal=BUY confianza=0.724
2026-03-16 10:18:30,848 INFO [predictor] AAPL_bt: señal=BUY confianza=0.644
2026-03-16 10:18:30,849 INFO [predictor] AAPL_bt: señal=BUY confianza=0.661
2026-03-16 10:18:30,850 INFO [predictor] AAPL_bt: señal=BUY confianza=0.593
2026-03-16 10:18:30,851 INFO [predictor] AAPL_bt: señal=HOLD confianza=0.503
2026-03-16 10:18:30,852 INFO [predictor] AAPL_bt: señal=BUY confianza=0.710
2026-03-16 10:18:30,853 INFO [predictor] AAPL_bt: señal=HOLD confianza=0.532
2026-03-16 10:18:30,854 INFO [predictor] AAPL_bt: señal=BUY confianza=0.606
2026-03-16 10:18:30,855 INFO [predictor] AAPL_bt: señal=BUY confianza=0.595
2026-03-16 10:18:30,855 INFO [predictor] AAPL_bt: señal=HOLD confianza=0.516
2026-03-16 10:18:30,856 INFO [predictor] AAPL_bt: señal=HOLD confianza=0.520
2026-03-16 10:18:30,857 INFO [predictor] AAPL_bt: señal=BUY confianza=0.566
2026-03-16 10:18:30,858 INFO [predictor] AAPL_bt: señal=BUY confianza=0.653
2026-03-16 10:18:30,859 INFO [predictor] AAPL_bt: señal=BUY confianza=0.693
2026-03-16 10:18:30,860 INFO [predictor] AAPL_bt: señal=HOLD confianza=0.500
2026-03-16 10:18:30,861 INFO [predictor] AAPL_bt: señal=HOLD confianza=0.524
2026-03-16 10:18:30,862 INFO [predictor] AAPL_bt: señal=BUY confianza=0.591
2026-03-16 10:18:30,863 INFO [predictor] AAPL_bt: señal=HOLD confianza=0.523
2026-03-16 10:18:30,864 INFO [predictor] AAPL_bt: señal=SELL confianza=0.641
2026-03-16 10:18:30,865 INFO [predictor] AAPL_bt: señal=SELL confianza=0.627
2026-03-16 10:18:30,866 INFO [predictor] AAPL_bt: señal=HOLD confianza=0.550
2026-03-16 10:18:30,867 INFO [predictor] AAPL_bt: señal=BUY confianza=0.584
2026-03-16 10:18:30,868 INFO [predictor] AAPL_bt: señal=HOLD confianza=0.508
2026-03-16 10:18:30,869 INFO [predictor] AAPL_bt: señal=SELL confianza=0.662
2026-03-16 10:18:30,870 INFO [predictor] AAPL_bt: señal=SELL confianza=0.557
2026-03-16 10:18:30,871 INFO [predictor] AAPL_bt: señal=BUY confianza=0.610
2026-03-16 10:18:30,872 INFO [predictor] AAPL_bt: señal=BUY confianza=0.573
2026-03-16 10:18:30,873 INFO [predictor] AAPL_bt: señal=HOLD confianza=0.516
2026-03-16 10:18:30,874 INFO [predictor] AAPL_bt: señal=HOLD confianza=0.536
2026-03-16 10:18:30,875 INFO [predictor] AAPL_bt: señal=BUY confianza=0.582
2026-03-16 10:18:30,875 INFO [predictor] AAPL_bt: señal=BUY confianza=0.638
2026-03-16 10:18:30,876 INFO [predictor] AAPL_bt: señal=HOLD confianza=0.543
2026-03-16 10:18:30,877 INFO [predictor] AAPL_bt: señal=SELL confianza=0.560
2026-03-16 10:18:30,878 INFO [predictor] AAPL_bt: señal=SELL confianza=0.655
2026-03-16 10:18:30,879 INFO [predictor] AAPL_bt: señal=SELL confianza=0.619
2026-03-16 10:18:30,880 INFO [predictor] AAPL_bt: señal=SELL confianza=0.581
2026-03-16 10:18:30,880 INFO [predictor] AAPL_bt: señal=HOLD confianza=0.517
2026-03-16 10:18:30,881 INFO [predictor] AAPL_bt: señal=HOLD confianza=0.538
2026-03-16 10:18:30,882 INFO [predictor] AAPL_bt: señal=HOLD confianza=0.544
2026-03-16 10:18:30,883 INFO [predictor] AAPL_bt: señal=SELL confianza=0.813
2026-03-16 10:18:30,884 INFO [predictor] AAPL_bt: señal=SELL confianza=0.740
2026-03-16 10:18:30,885 INFO [predictor] AAPL_bt: señal=SELL confianza=0.772
2026-03-16 10:18:30,886 INFO [predictor] AAPL_bt: señal=SELL confianza=0.701
2026-03-16 10:18:30,887 INFO [predictor] AAPL_bt: señal=SELL confianza=0.820
2026-03-16 10:18:30,887 INFO [predictor] AAPL_bt: señal=SELL confianza=0.615
2026-03-16 10:18:30,888 INFO [predictor] AAPL_bt: señal=SELL confianza=0.742
2026-03-16 10:18:30,889 INFO [predictor] AAPL_bt: señal=SELL confianza=0.566
2026-03-16 10:18:30,890 INFO [predictor] AAPL_bt: señal=SELL confianza=0.638
2026-03-16 10:18:30,892 INFO [predictor] AAPL_bt: señal=SELL confianza=0.789
2026-03-16 10:18:30,893 INFO [predictor] AAPL_bt: señal=SELL confianza=0.780
2026-03-16 10:18:30,894 INFO [predictor] AAPL_bt: señal=SELL confianza=0.617
2026-03-16 10:18:30,895 INFO [predictor] AAPL_bt: señal=SELL confianza=0.653
2026-03-16 10:18:30,896 INFO [predictor] AAPL_bt: señal=SELL confianza=0.670
2026-03-16 10:18:30,896 INFO [predictor] AAPL_bt: señal=SELL confianza=0.703
2026-03-16 10:18:30,897 INFO [predictor] AAPL_bt: señal=SELL confianza=0.670
2026-03-16 10:18:30,898 INFO [predictor] AAPL_bt: señal=SELL confianza=0.691
2026-03-16 10:18:30,899 INFO [predictor] AAPL_bt: señal=SELL confianza=0.631
2026-03-16 10:18:30,900 INFO [predictor] AAPL_bt: señal=SELL confianza=0.701
2026-03-16 10:18:30,901 INFO [predictor] AAPL_bt: señal=SELL confianza=0.613
2026-03-16 10:18:30,902 INFO [predictor] AAPL_bt: señal=SELL confianza=0.630
2026-03-16 10:18:30,903 INFO [predictor] AAPL_bt: señal=SELL confianza=0.565
2026-03-16 10:18:30,904 INFO [predictor] AAPL_bt: señal=SELL confianza=0.702
2026-03-16 10:18:30,905 INFO [predictor] AAPL_bt: señal=HOLD confianza=0.541
2026-03-16 10:18:30,906 INFO [predictor] AAPL_bt: señal=HOLD confianza=0.505
2026-03-16 10:18:30,907 INFO [predictor] AAPL_bt: señal=SELL confianza=0.607
2026-03-16 10:18:30,907 INFO [predictor] AAPL_bt: señal=HOLD confianza=0.536
2026-03-16 10:18:30,908 INFO [predictor] AAPL_bt: señal=SELL confianza=0.750
2026-03-16 10:18:30,909 INFO [predictor] AAPL_bt: señal=SELL confianza=0.811
2026-03-16 10:18:30,910 INFO [predictor] AAPL_bt: señal=SELL confianza=0.829
2026-03-16 10:18:30,911 INFO [predictor] AAPL_bt: señal=SELL confianza=0.715
2026-03-16 10:18:30,912 INFO [predictor] AAPL_bt: señal=SELL confianza=0.683
2026-03-16 10:18:30,913 INFO [predictor] AAPL_bt: señal=HOLD confianza=0.523
2026-03-16 10:18:30,914 INFO [predictor] AAPL_bt: señal=SELL confianza=0.748
2026-03-16 10:18:30,915 INFO [predictor] AAPL_bt: señal=SELL confianza=0.645
2026-03-16 10:18:30,916 INFO [predictor] AAPL_bt: señal=SELL confianza=0.704
2026-03-16 10:18:30,917 INFO [predictor] AAPL_bt: señal=SELL confianza=0.569
2026-03-16 10:18:30,918 INFO [predictor] AAPL_bt: señal=SELL confianza=0.653
2026-03-16 10:18:30,919 INFO [predictor] AAPL_bt: señal=SELL confianza=0.642
2026-03-16 10:18:30,920 INFO [predictor] AAPL_bt: señal=SELL confianza=0.673
2026-03-16 10:18:30,921 INFO [predictor] AAPL_bt: señal=SELL confianza=0.678
2026-03-16 10:18:30,922 INFO [predictor] AAPL_bt: señal=SELL confianza=0.579
2026-03-16 10:18:30,923 INFO [predictor] AAPL_bt: señal=SELL confianza=0.784
2026-03-16 10:18:30,923 INFO [predictor] AAPL_bt: señal=SELL confianza=0.732
2026-03-16 10:18:30,924 INFO [predictor] AAPL_bt: señal=SELL confianza=0.627
2026-03-16 10:18:30,925 INFO [predictor] AAPL_bt: señal=SELL confianza=0.749
2026-03-16 10:18:30,926 INFO [predictor] AAPL_bt: señal=SELL confianza=0.786
2026-03-16 10:18:30,927 INFO [predictor] AAPL_bt: señal=SELL confianza=0.778
2026-03-16 10:18:30,928 INFO [predictor] AAPL_bt: señal=SELL confianza=0.744
2026-03-16 10:18:30,929 INFO [predictor] AAPL_bt: señal=SELL confianza=0.807
2026-03-16 10:18:30,930 INFO [predictor] AAPL_bt: señal=SELL confianza=0.911
2026-03-16 10:18:30,931 INFO [predictor] AAPL_bt: señal=SELL confianza=0.675
2026-03-16 10:18:30,932 INFO [predictor] AAPL_bt: señal=SELL confianza=0.800
2026-03-16 10:18:30,933 INFO [predictor] AAPL_bt: señal=SELL confianza=0.870
2026-03-16 10:18:30,934 INFO [predictor] AAPL_bt: señal=SELL confianza=0.715
2026-03-16 10:18:30,936 INFO [predictor] AAPL_bt: señal=SELL confianza=0.776
2026-03-16 10:18:30,937 INFO [predictor] AAPL_bt: señal=SELL confianza=0.754
2026-03-16 10:18:30,938 INFO [predictor] AAPL_bt: señal=SELL confianza=0.700
2026-03-16 10:18:30,939 INFO [predictor] AAPL_bt: señal=SELL confianza=0.694
2026-03-16 10:18:30,940 INFO [predictor] AAPL_bt: señal=SELL confianza=0.838
2026-03-16 10:18:30,940 INFO [predictor] AAPL_bt: señal=SELL confianza=0.815
2026-03-16 10:18:30,941 INFO [predictor] AAPL_bt: señal=HOLD confianza=0.534
2026-03-16 10:18:30,943 INFO [predictor] AAPL_bt: señal=HOLD confianza=0.522
2026-03-16 10:18:30,944 INFO [predictor] AAPL_bt: señal=SELL confianza=0.665
2026-03-16 10:18:30,946 INFO [predictor] AAPL_bt: señal=SELL confianza=0.780
2026-03-16 10:18:30,947 INFO [predictor] AAPL_bt: señal=SELL confianza=0.785
2026-03-16 10:18:30,948 INFO [predictor] AAPL_bt: señal=SELL confianza=0.572
2026-03-16 10:18:30,949 INFO [predictor] AAPL_bt: señal=HOLD confianza=0.504
2026-03-16 10:18:30,950 INFO [predictor] AAPL_bt: señal=SELL confianza=0.714
2026-03-16 10:18:30,951 INFO [predictor] AAPL_bt: señal=SELL confianza=0.678
2026-03-16 10:18:30,952 INFO [predictor] AAPL_bt: señal=SELL confianza=0.778
2026-03-16 10:18:30,953 INFO [predictor] AAPL_bt: señal=SELL confianza=0.727
2026-03-16 10:18:30,954 INFO [predictor] AAPL_bt: señal=SELL confianza=0.587
2026-03-16 10:18:30,955 INFO [predictor] AAPL_bt: señal=SELL confianza=0.609
2026-03-16 10:18:30,955 INFO [predictor] AAPL_bt: señal=SELL confianza=0.811
2026-03-16 10:18:30,956 INFO [predictor] AAPL_bt: señal=SELL confianza=0.707
2026-03-16 10:18:30,957 INFO [predictor] AAPL_bt: señal=SELL confianza=0.837
2026-03-16 10:18:30,958 INFO [predictor] AAPL_bt: señal=SELL confianza=0.868
2026-03-16 10:18:30,959 INFO [predictor] AAPL_bt: señal=SELL confianza=0.634
2026-03-16 10:18:30,960 INFO [predictor] AAPL_bt: señal=SELL confianza=0.670
2026-03-16 10:18:30,961 INFO [predictor] AAPL_bt: señal=SELL confianza=0.641
2026-03-16 10:18:30,963 INFO [predictor] AAPL_bt: señal=SELL confianza=0.647
2026-03-16 10:18:30,964 INFO [predictor] AAPL_bt: señal=SELL confianza=0.637
2026-03-16 10:18:30,965 INFO [predictor] AAPL_bt: señal=SELL confianza=0.558
2026-03-16 10:18:30,966 INFO [predictor] AAPL_bt: señal=HOLD confianza=0.546
2026-03-16 10:18:30,967 INFO [predictor] AAPL_bt: señal=SELL confianza=0.775
2026-03-16 10:18:30,968 INFO [predictor] AAPL_bt: señal=SELL confianza=0.806
2026-03-16 10:18:30,969 INFO [predictor] AAPL_bt: señal=SELL confianza=0.675
2026-03-16 10:18:30,970 INFO [predictor] AAPL_bt: señal=SELL confianza=0.812
2026-03-16 10:18:30,971 INFO [predictor] AAPL_bt: señal=SELL confianza=0.817
2026-03-16 10:18:30,972 INFO [predictor] AAPL_bt: señal=SELL confianza=0.673
2026-03-16 10:18:30,974 INFO [predictor] AAPL_bt: señal=SELL confianza=0.716
2026-03-16 10:18:30,974 INFO [predictor] AAPL_bt: señal=SELL confianza=0.850
2026-03-16 10:18:30,975 INFO [predictor] AAPL_bt: señal=SELL confianza=0.726
2026-03-16 10:18:30,977 INFO [predictor] AAPL_bt: señal=SELL confianza=0.803
2026-03-16 10:18:30,978 INFO [predictor] AAPL_bt: señal=SELL confianza=0.692
2026-03-16 10:18:30,979 INFO [predictor] AAPL_bt: señal=SELL confianza=0.744
2026-03-16 10:18:30,980 INFO [predictor] AAPL_bt: señal=SELL confianza=0.678
2026-03-16 10:18:30,981 INFO [predictor] AAPL_bt: señal=SELL confianza=0.620
2026-03-16 10:18:30,982 INFO [predictor] AAPL_bt: señal=SELL confianza=0.625
2026-03-16 10:18:30,982 INFO [predictor] AAPL_bt: señal=SELL confianza=0.753
2026-03-16 10:18:30,983 INFO [predictor] AAPL_bt: señal=SELL confianza=0.616
2026-03-16 10:18:30,984 INFO [predictor] AAPL_bt: señal=SELL confianza=0.697
2026-03-16 10:18:30,985 INFO [predictor] AAPL_bt: señal=SELL confianza=0.767
2026-03-16 10:18:30,986 INFO [predictor] AAPL_bt: señal=SELL confianza=0.699
2026-03-16 10:18:30,986 INFO [predictor] AAPL_bt: señal=SELL confianza=0.634
2026-03-16 10:18:30,987 INFO [predictor] AAPL_bt: señal=SELL confianza=0.636
2026-03-16 10:18:31,397 INFO [predictor] MSFT_bt fold 1: accuracy=0.512
2026-03-16 10:18:31,497 INFO [predictor] MSFT_bt fold 2: accuracy=0.438
2026-03-16 10:18:31,612 INFO [predictor] MSFT_bt fold 3: accuracy=0.504
2026-03-16 10:18:31,706 INFO [predictor] MSFT_bt: modelo guardado en disco
2026-03-16 10:18:31,706 INFO [predictor] MSFT_bt: entrenado. Accuracy CV = 0.485
2026-03-16 10:18:31,708 INFO [predictor] MSFT_bt: señal=SELL confianza=0.779
2026-03-16 10:18:31,710 INFO [predictor] MSFT_bt: señal=SELL confianza=0.711
2026-03-16 10:18:31,712 INFO [predictor] MSFT_bt: señal=HOLD confianza=0.512
2026-03-16 10:18:31,713 INFO [predictor] MSFT_bt: señal=SELL confianza=0.610
2026-03-16 10:18:31,714 INFO [predictor] MSFT_bt: señal=SELL confianza=0.605
2026-03-16 10:18:31,716 INFO [predictor] MSFT_bt: señal=SELL confianza=0.638
2026-03-16 10:18:31,717 INFO [predictor] MSFT_bt: señal=SELL confianza=0.602
2026-03-16 10:18:31,718 INFO [predictor] MSFT_bt: señal=SELL confianza=0.567
2026-03-16 10:18:31,720 INFO [predictor] MSFT_bt: señal=SELL confianza=0.681
2026-03-16 10:18:31,721 INFO [predictor] MSFT_bt: señal=HOLD confianza=0.549
2026-03-16 10:18:31,722 INFO [predictor] MSFT_bt: señal=HOLD confianza=0.506
2026-03-16 10:18:31,722 INFO [predictor] MSFT_bt: señal=SELL confianza=0.606
2026-03-16 10:18:31,723 INFO [predictor] MSFT_bt: señal=SELL confianza=0.828
2026-03-16 10:18:31,724 INFO [predictor] MSFT_bt: señal=SELL confianza=0.763
2026-03-16 10:18:31,725 INFO [predictor] MSFT_bt: señal=SELL confianza=0.754
2026-03-16 10:18:31,726 INFO [predictor] MSFT_bt: señal=SELL confianza=0.715
2026-03-16 10:18:31,726 INFO [predictor] MSFT_bt: señal=SELL confianza=0.768
2026-03-16 10:18:31,727 INFO [predictor] MSFT_bt: señal=SELL confianza=0.746
2026-03-16 10:18:31,728 INFO [predictor] MSFT_bt: señal=SELL confianza=0.572
2026-03-16 10:18:31,729 INFO [predictor] MSFT_bt: señal=SELL confianza=0.763
2026-03-16 10:18:31,730 INFO [predictor] MSFT_bt: señal=SELL confianza=0.560
2026-03-16 10:18:31,730 INFO [predictor] MSFT_bt: señal=SELL confianza=0.756
2026-03-16 10:18:31,731 INFO [predictor] MSFT_bt: señal=SELL confianza=0.594
2026-03-16 10:18:31,732 INFO [predictor] MSFT_bt: señal=SELL confianza=0.781
2026-03-16 10:18:31,733 INFO [predictor] MSFT_bt: señal=SELL confianza=0.822
2026-03-16 10:18:31,734 INFO [predictor] MSFT_bt: señal=SELL confianza=0.792
2026-03-16 10:18:31,734 INFO [predictor] MSFT_bt: señal=SELL confianza=0.796
2026-03-16 10:18:31,735 INFO [predictor] MSFT_bt: señal=SELL confianza=0.825
2026-03-16 10:18:31,736 INFO [predictor] MSFT_bt: señal=SELL confianza=0.804
2026-03-16 10:18:31,737 INFO [predictor] MSFT_bt: señal=HOLD confianza=0.544
2026-03-16 10:18:31,738 INFO [predictor] MSFT_bt: señal=SELL confianza=0.551
2026-03-16 10:18:31,738 INFO [predictor] MSFT_bt: señal=SELL confianza=0.622
2026-03-16 10:18:31,739 INFO [predictor] MSFT_bt: señal=SELL confianza=0.580
2026-03-16 10:18:31,740 INFO [predictor] MSFT_bt: señal=HOLD confianza=0.502
2026-03-16 10:18:31,741 INFO [predictor] MSFT_bt: señal=SELL confianza=0.755
2026-03-16 10:18:31,742 INFO [predictor] MSFT_bt: señal=HOLD confianza=0.522
2026-03-16 10:18:31,742 INFO [predictor] MSFT_bt: señal=HOLD confianza=0.536
2026-03-16 10:18:31,743 INFO [predictor] MSFT_bt: señal=SELL confianza=0.565
2026-03-16 10:18:31,744 INFO [predictor] MSFT_bt: señal=SELL confianza=0.600
2026-03-16 10:18:31,745 INFO [predictor] MSFT_bt: señal=SELL confianza=0.578
2026-03-16 10:18:31,746 INFO [predictor] MSFT_bt: señal=SELL confianza=0.761
2026-03-16 10:18:31,746 INFO [predictor] MSFT_bt: señal=SELL confianza=0.754
2026-03-16 10:18:31,747 INFO [predictor] MSFT_bt: señal=SELL confianza=0.741
2026-03-16 10:18:31,748 INFO [predictor] MSFT_bt: señal=HOLD confianza=0.530
2026-03-16 10:18:31,749 INFO [predictor] MSFT_bt: señal=SELL confianza=0.623
2026-03-16 10:18:31,750 INFO [predictor] MSFT_bt: señal=SELL confianza=0.611
2026-03-16 10:18:31,751 INFO [predictor] MSFT_bt: señal=SELL confianza=0.745
2026-03-16 10:18:31,751 INFO [predictor] MSFT_bt: señal=HOLD confianza=0.532
2026-03-16 10:18:31,752 INFO [predictor] MSFT_bt: señal=SELL confianza=0.660
2026-03-16 10:18:31,753 INFO [predictor] MSFT_bt: señal=SELL confianza=0.677
2026-03-16 10:18:31,754 INFO [predictor] MSFT_bt: señal=SELL confianza=0.815
2026-03-16 10:18:31,755 INFO [predictor] MSFT_bt: señal=SELL confianza=0.647
2026-03-16 10:18:31,755 INFO [predictor] MSFT_bt: señal=SELL confianza=0.700
2026-03-16 10:18:31,756 INFO [predictor] MSFT_bt: señal=SELL confianza=0.626
2026-03-16 10:18:31,757 INFO [predictor] MSFT_bt: señal=SELL confianza=0.648
2026-03-16 10:18:31,758 INFO [predictor] MSFT_bt: señal=SELL confianza=0.712
2026-03-16 10:18:31,759 INFO [predictor] MSFT_bt: señal=SELL confianza=0.742
2026-03-16 10:18:31,759 INFO [predictor] MSFT_bt: señal=SELL confianza=0.792
2026-03-16 10:18:31,760 INFO [predictor] MSFT_bt: señal=SELL confianza=0.676
2026-03-16 10:18:31,761 INFO [predictor] MSFT_bt: señal=SELL confianza=0.696
2026-03-16 10:18:31,762 INFO [predictor] MSFT_bt: señal=SELL confianza=0.825
2026-03-16 10:18:31,762 INFO [predictor] MSFT_bt: señal=SELL confianza=0.682
2026-03-16 10:18:31,763 INFO [predictor] MSFT_bt: señal=SELL confianza=0.799
2026-03-16 10:18:31,764 INFO [predictor] MSFT_bt: señal=SELL confianza=0.800
2026-03-16 10:18:31,765 INFO [predictor] MSFT_bt: señal=SELL confianza=0.758
2026-03-16 10:18:31,765 INFO [predictor] MSFT_bt: señal=SELL confianza=0.735
2026-03-16 10:18:31,767 INFO [predictor] MSFT_bt: señal=SELL confianza=0.789
2026-03-16 10:18:31,767 INFO [predictor] MSFT_bt: señal=SELL confianza=0.707
2026-03-16 10:18:31,768 INFO [predictor] MSFT_bt: señal=SELL confianza=0.739
2026-03-16 10:18:31,770 INFO [predictor] MSFT_bt: señal=SELL confianza=0.799
2026-03-16 10:18:31,770 INFO [predictor] MSFT_bt: señal=SELL confianza=0.762
2026-03-16 10:18:31,771 INFO [predictor] MSFT_bt: señal=SELL confianza=0.768
2026-03-16 10:18:31,772 INFO [predictor] MSFT_bt: señal=SELL confianza=0.713
2026-03-16 10:18:31,773 INFO [predictor] MSFT_bt: señal=SELL confianza=0.706
2026-03-16 10:18:31,774 INFO [predictor] MSFT_bt: señal=SELL confianza=0.760
2026-03-16 10:18:31,774 INFO [predictor] MSFT_bt: señal=SELL confianza=0.747
2026-03-16 10:18:31,775 INFO [predictor] MSFT_bt: señal=SELL confianza=0.798
2026-03-16 10:18:31,776 INFO [predictor] MSFT_bt: señal=SELL confianza=0.778
2026-03-16 10:18:31,777 INFO [predictor] MSFT_bt: señal=SELL confianza=0.798
2026-03-16 10:18:31,778 INFO [predictor] MSFT_bt: señal=SELL confianza=0.750
2026-03-16 10:18:31,779 INFO [predictor] MSFT_bt: señal=SELL confianza=0.710
2026-03-16 10:18:31,780 INFO [predictor] MSFT_bt: señal=HOLD confianza=0.533
2026-03-16 10:18:31,781 INFO [predictor] MSFT_bt: señal=SELL confianza=0.702
2026-03-16 10:18:31,781 INFO [predictor] MSFT_bt: señal=SELL confianza=0.688
2026-03-16 10:18:31,782 INFO [predictor] MSFT_bt: señal=SELL confianza=0.690
2026-03-16 10:18:31,783 INFO [predictor] MSFT_bt: señal=SELL confianza=0.717
2026-03-16 10:18:31,784 INFO [predictor] MSFT_bt: señal=SELL confianza=0.633
2026-03-16 10:18:31,784 INFO [predictor] MSFT_bt: señal=SELL confianza=0.596
2026-03-16 10:18:31,785 INFO [predictor] MSFT_bt: señal=SELL confianza=0.694
2026-03-16 10:18:31,786 INFO [predictor] MSFT_bt: señal=SELL confianza=0.660
2026-03-16 10:18:31,787 INFO [predictor] MSFT_bt: señal=SELL confianza=0.713
2026-03-16 10:18:31,788 INFO [predictor] MSFT_bt: señal=SELL confianza=0.695
2026-03-16 10:18:31,788 INFO [predictor] MSFT_bt: señal=SELL confianza=0.650
2026-03-16 10:18:31,789 INFO [predictor] MSFT_bt: señal=HOLD confianza=0.506
2026-03-16 10:18:31,790 INFO [predictor] MSFT_bt: señal=SELL confianza=0.616
2026-03-16 10:18:31,791 INFO [predictor] MSFT_bt: señal=SELL confianza=0.648
2026-03-16 10:18:31,791 INFO [predictor] MSFT_bt: señal=HOLD confianza=0.505
2026-03-16 10:18:31,792 INFO [predictor] MSFT_bt: señal=SELL confianza=0.678
2026-03-16 10:18:31,793 INFO [predictor] MSFT_bt: señal=SELL confianza=0.708
2026-03-16 10:18:31,794 INFO [predictor] MSFT_bt: señal=SELL confianza=0.645
2026-03-16 10:18:31,795 INFO [predictor] MSFT_bt: señal=SELL confianza=0.677
2026-03-16 10:18:31,796 INFO [predictor] MSFT_bt: señal=SELL confianza=0.805
2026-03-16 10:18:31,796 INFO [predictor] MSFT_bt: señal=SELL confianza=0.753
2026-03-16 10:18:31,798 INFO [predictor] MSFT_bt: señal=SELL confianza=0.783
2026-03-16 10:18:31,799 INFO [predictor] MSFT_bt: señal=SELL confianza=0.689
2026-03-16 10:18:31,799 INFO [predictor] MSFT_bt: señal=SELL confianza=0.751
2026-03-16 10:18:31,800 INFO [predictor] MSFT_bt: señal=SELL confianza=0.735
2026-03-16 10:18:31,801 INFO [predictor] MSFT_bt: señal=SELL confianza=0.725
2026-03-16 10:18:31,802 INFO [predictor] MSFT_bt: señal=SELL confianza=0.716
2026-03-16 10:18:31,803 INFO [predictor] MSFT_bt: señal=SELL confianza=0.697
2026-03-16 10:18:31,804 INFO [predictor] MSFT_bt: señal=SELL confianza=0.746
2026-03-16 10:18:31,805 INFO [predictor] MSFT_bt: señal=HOLD confianza=0.541
2026-03-16 10:18:31,806 INFO [predictor] MSFT_bt: señal=SELL confianza=0.678
2026-03-16 10:18:31,806 INFO [predictor] MSFT_bt: señal=SELL confianza=0.728
2026-03-16 10:18:31,807 INFO [predictor] MSFT_bt: señal=SELL confianza=0.627
2026-03-16 10:18:31,808 INFO [predictor] MSFT_bt: señal=SELL confianza=0.667
2026-03-16 10:18:31,809 INFO [predictor] MSFT_bt: señal=SELL confianza=0.745
2026-03-16 10:18:31,810 INFO [predictor] MSFT_bt: señal=SELL confianza=0.768
2026-03-16 10:18:31,816 INFO [predictor] MSFT_bt: señal=SELL confianza=0.757
2026-03-16 10:18:31,817 INFO [predictor] MSFT_bt: señal=HOLD confianza=0.535
2026-03-16 10:18:31,818 INFO [predictor] MSFT_bt: señal=HOLD confianza=0.526
2026-03-16 10:18:31,819 INFO [predictor] MSFT_bt: señal=SELL confianza=0.639
2026-03-16 10:18:31,820 INFO [predictor] MSFT_bt: señal=SELL confianza=0.770
2026-03-16 10:18:31,821 INFO [predictor] MSFT_bt: señal=SELL confianza=0.826
2026-03-16 10:18:31,823 INFO [predictor] MSFT_bt: señal=SELL confianza=0.835
2026-03-16 10:18:31,824 INFO [predictor] MSFT_bt: señal=SELL confianza=0.755
2026-03-16 10:18:31,825 INFO [predictor] MSFT_bt: señal=SELL confianza=0.750
2026-03-16 10:18:31,828 INFO [predictor] MSFT_bt: señal=SELL confianza=0.800
2026-03-16 10:18:31,829 INFO [predictor] MSFT_bt: señal=SELL confianza=0.655
2026-03-16 10:18:31,837 INFO [predictor] MSFT_bt: señal=SELL confianza=0.645
2026-03-16 10:18:31,838 INFO [predictor] MSFT_bt: señal=HOLD confianza=0.534
2026-03-16 10:18:31,839 INFO [predictor] MSFT_bt: señal=SELL confianza=0.631
2026-03-16 10:18:31,840 INFO [predictor] MSFT_bt: señal=SELL confianza=0.762
2026-03-16 10:18:31,841 INFO [predictor] MSFT_bt: señal=SELL confianza=0.700
2026-03-16 10:18:31,843 INFO [predictor] MSFT_bt: señal=SELL confianza=0.556
2026-03-16 10:18:31,843 INFO [predictor] MSFT_bt: señal=SELL confianza=0.768
2026-03-16 10:18:31,845 INFO [predictor] MSFT_bt: señal=SELL confianza=0.717
2026-03-16 10:18:31,846 INFO [predictor] MSFT_bt: señal=SELL confianza=0.735
2026-03-16 10:18:31,847 INFO [predictor] MSFT_bt: señal=SELL confianza=0.657
2026-03-16 10:18:31,847 INFO [predictor] MSFT_bt: señal=SELL confianza=0.718
2026-03-16 10:18:31,848 INFO [predictor] MSFT_bt: señal=SELL confianza=0.571
2026-03-16 10:18:31,849 INFO [predictor] MSFT_bt: señal=SELL confianza=0.641
2026-03-16 10:18:31,850 INFO [predictor] MSFT_bt: señal=SELL confianza=0.668
2026-03-16 10:18:31,850 INFO [predictor] MSFT_bt: señal=SELL confianza=0.748
2026-03-16 10:18:31,852 INFO [predictor] MSFT_bt: señal=SELL confianza=0.776
2026-03-16 10:18:31,853 INFO [predictor] MSFT_bt: señal=SELL confianza=0.771
2026-03-16 10:18:31,854 INFO [predictor] MSFT_bt: señal=SELL confianza=0.813
2026-03-16 10:18:31,855 INFO [predictor] MSFT_bt: señal=SELL confianza=0.826
2026-03-16 10:18:31,855 INFO [predictor] MSFT_bt: señal=SELL confianza=0.732
2026-03-16 10:18:31,856 INFO [predictor] MSFT_bt: señal=SELL confianza=0.806
2026-03-16 10:18:31,858 INFO [predictor] MSFT_bt: señal=SELL confianza=0.782
2026-03-16 10:18:31,859 INFO [predictor] MSFT_bt: señal=SELL confianza=0.770
2026-03-16 10:18:31,860 INFO [predictor] MSFT_bt: señal=SELL confianza=0.709
2026-03-16 10:18:31,861 INFO [predictor] MSFT_bt: señal=SELL confianza=0.688
2026-03-16 10:18:31,861 INFO [predictor] MSFT_bt: señal=SELL confianza=0.681
2026-03-16 10:18:31,862 INFO [predictor] MSFT_bt: señal=SELL confianza=0.699
2026-03-16 10:18:31,863 INFO [predictor] MSFT_bt: señal=SELL confianza=0.646
2026-03-16 10:18:31,864 INFO [predictor] MSFT_bt: señal=SELL confianza=0.689
2026-03-16 10:18:31,865 INFO [predictor] MSFT_bt: señal=SELL confianza=0.760
2026-03-16 10:18:31,865 INFO [predictor] MSFT_bt: señal=SELL confianza=0.701
2026-03-16 10:18:31,866 INFO [predictor] MSFT_bt: señal=SELL confianza=0.708
2026-03-16 10:18:31,867 INFO [predictor] MSFT_bt: señal=SELL confianza=0.686
2026-03-16 10:18:31,868 INFO [predictor] MSFT_bt: señal=SELL confianza=0.671
2026-03-16 10:18:31,868 INFO [predictor] MSFT_bt: señal=SELL confianza=0.654
2026-03-16 10:18:31,869 INFO [predictor] MSFT_bt: señal=SELL confianza=0.822
2026-03-16 10:18:31,870 INFO [predictor] MSFT_bt: señal=SELL confianza=0.660
2026-03-16 10:18:31,871 INFO [predictor] MSFT_bt: señal=HOLD confianza=0.550
2026-03-16 10:18:31,872 INFO [predictor] MSFT_bt: señal=SELL confianza=0.697
2026-03-16 10:18:31,873 INFO [predictor] MSFT_bt: señal=SELL confianza=0.559
2026-03-16 10:18:31,873 INFO [predictor] MSFT_bt: señal=SELL confianza=0.613
2026-03-16 10:18:31,874 INFO [predictor] MSFT_bt: señal=SELL confianza=0.652
2026-03-16 10:18:31,875 INFO [predictor] MSFT_bt: señal=SELL confianza=0.798
2026-03-16 10:18:31,876 INFO [predictor] MSFT_bt: señal=SELL confianza=0.815
2026-03-16 10:18:31,876 INFO [predictor] MSFT_bt: señal=SELL confianza=0.766
2026-03-16 10:18:31,877 INFO [predictor] MSFT_bt: señal=SELL confianza=0.765
2026-03-16 10:18:31,878 INFO [predictor] MSFT_bt: señal=SELL confianza=0.661
2026-03-16 10:18:31,879 INFO [predictor] MSFT_bt: señal=SELL confianza=0.712
2026-03-16 10:18:31,879 INFO [predictor] MSFT_bt: señal=HOLD confianza=0.539
2026-03-16 10:18:31,880 INFO [predictor] MSFT_bt: señal=BUY confianza=0.583
2026-03-16 10:18:31,881 INFO [predictor] MSFT_bt: señal=HOLD confianza=0.501
2026-03-16 10:18:31,882 INFO [predictor] MSFT_bt: señal=BUY confianza=0.591
2026-03-16 10:18:31,883 INFO [predictor] MSFT_bt: señal=SELL confianza=0.563
2026-03-16 10:18:31,883 INFO [predictor] MSFT_bt: señal=SELL confianza=0.656
2026-03-16 10:18:31,884 INFO [predictor] MSFT_bt: señal=SELL confianza=0.709
2026-03-16 10:18:31,885 INFO [predictor] MSFT_bt: señal=SELL confianza=0.553
2026-03-16 10:18:31,886 INFO [predictor] MSFT_bt: señal=HOLD confianza=0.515
2026-03-16 10:18:31,887 INFO [predictor] MSFT_bt: señal=BUY confianza=0.553
2026-03-16 10:18:31,888 INFO [predictor] MSFT_bt: señal=BUY confianza=0.670
2026-03-16 10:18:31,888 INFO [predictor] MSFT_bt: señal=BUY confianza=0.633
2026-03-16 10:18:31,889 INFO [predictor] MSFT_bt: señal=BUY confianza=0.753
2026-03-16 10:18:31,890 INFO [predictor] MSFT_bt: señal=BUY confianza=0.774
2026-03-16 10:18:31,891 INFO [predictor] MSFT_bt: señal=BUY confianza=0.808
2026-03-16 10:18:31,891 INFO [predictor] MSFT_bt: señal=BUY confianza=0.707
2026-03-16 10:18:31,892 INFO [predictor] MSFT_bt: señal=BUY confianza=0.622
2026-03-16 10:18:31,893 INFO [predictor] MSFT_bt: señal=BUY confianza=0.673
2026-03-16 10:18:31,894 INFO [predictor] MSFT_bt: señal=BUY confianza=0.703
2026-03-16 10:18:31,895 INFO [predictor] MSFT_bt: señal=BUY confianza=0.647
2026-03-16 10:18:31,895 INFO [predictor] MSFT_bt: señal=BUY confianza=0.568
2026-03-16 10:18:31,896 INFO [predictor] MSFT_bt: señal=BUY confianza=0.589
2026-03-16 10:18:31,897 INFO [predictor] MSFT_bt: señal=HOLD confianza=0.512
2026-03-16 10:18:31,898 INFO [predictor] MSFT_bt: señal=BUY confianza=0.610
2026-03-16 10:18:31,898 INFO [predictor] MSFT_bt: señal=HOLD confianza=0.519
2026-03-16 10:18:31,899 INFO [predictor] MSFT_bt: señal=BUY confianza=0.610
2026-03-16 10:18:31,900 INFO [predictor] MSFT_bt: señal=BUY confianza=0.551
2026-03-16 10:18:31,901 INFO [predictor] MSFT_bt: señal=BUY confianza=0.591
2026-03-16 10:18:31,901 INFO [predictor] MSFT_bt: señal=BUY confianza=0.591
2026-03-16 10:18:32,196 INFO [predictor] NVDA_bt fold 1: accuracy=0.421
2026-03-16 10:18:32,266 INFO [predictor] NVDA_bt fold 2: accuracy=0.521
2026-03-16 10:18:32,408 INFO [predictor] NVDA_bt fold 3: accuracy=0.488
2026-03-16 10:18:32,498 INFO [predictor] NVDA_bt: modelo guardado en disco
2026-03-16 10:18:32,499 INFO [predictor] NVDA_bt: entrenado. Accuracy CV = 0.477
2026-03-16 10:18:32,501 INFO [predictor] NVDA_bt: señal=SELL confianza=0.728
2026-03-16 10:18:32,502 INFO [predictor] NVDA_bt: señal=BUY confianza=0.552
2026-03-16 10:18:32,503 INFO [predictor] NVDA_bt: señal=BUY confianza=0.666
2026-03-16 10:18:32,504 INFO [predictor] NVDA_bt: señal=HOLD confianza=0.533
2026-03-16 10:18:32,505 INFO [predictor] NVDA_bt: señal=BUY confianza=0.688
2026-03-16 10:18:32,507 INFO [predictor] NVDA_bt: señal=BUY confianza=0.639
2026-03-16 10:18:32,508 INFO [predictor] NVDA_bt: señal=BUY confianza=0.729
2026-03-16 10:18:32,509 INFO [predictor] NVDA_bt: señal=BUY confianza=0.600
2026-03-16 10:18:32,510 INFO [predictor] NVDA_bt: señal=BUY confianza=0.671
2026-03-16 10:18:32,511 INFO [predictor] NVDA_bt: señal=BUY confianza=0.638
2026-03-16 10:18:32,512 INFO [predictor] NVDA_bt: señal=BUY confianza=0.645
2026-03-16 10:18:32,513 INFO [predictor] NVDA_bt: señal=SELL confianza=0.583
2026-03-16 10:18:32,515 INFO [predictor] NVDA_bt: señal=BUY confianza=0.613
2026-03-16 10:18:32,516 INFO [predictor] NVDA_bt: señal=BUY confianza=0.576
2026-03-16 10:18:32,517 INFO [predictor] NVDA_bt: señal=HOLD confianza=0.543
2026-03-16 10:18:32,518 INFO [predictor] NVDA_bt: señal=BUY confianza=0.552
2026-03-16 10:18:32,519 INFO [predictor] NVDA_bt: señal=HOLD confianza=0.539
2026-03-16 10:18:32,520 INFO [predictor] NVDA_bt: señal=HOLD confianza=0.525
2026-03-16 10:18:32,521 INFO [predictor] NVDA_bt: señal=HOLD confianza=0.534
2026-03-16 10:18:32,522 INFO [predictor] NVDA_bt: señal=HOLD confianza=0.506
2026-03-16 10:18:32,524 INFO [predictor] NVDA_bt: señal=HOLD confianza=0.531
2026-03-16 10:18:32,525 INFO [predictor] NVDA_bt: señal=HOLD confianza=0.504
2026-03-16 10:18:32,527 INFO [predictor] NVDA_bt: señal=BUY confianza=0.579
2026-03-16 10:18:32,528 INFO [predictor] NVDA_bt: señal=SELL confianza=0.686
2026-03-16 10:18:32,529 INFO [predictor] NVDA_bt: señal=SELL confianza=0.642
2026-03-16 10:18:32,530 INFO [predictor] NVDA_bt: señal=SELL confianza=0.746
2026-03-16 10:18:32,531 INFO [predictor] NVDA_bt: señal=SELL confianza=0.833
2026-03-16 10:18:32,532 INFO [predictor] NVDA_bt: señal=SELL confianza=0.751
2026-03-16 10:18:32,533 INFO [predictor] NVDA_bt: señal=SELL confianza=0.802
2026-03-16 10:18:32,535 INFO [predictor] NVDA_bt: señal=SELL confianza=0.655
2026-03-16 10:18:32,536 INFO [predictor] NVDA_bt: señal=SELL confianza=0.679
2026-03-16 10:18:32,537 INFO [predictor] NVDA_bt: señal=SELL confianza=0.650
2026-03-16 10:18:32,537 INFO [predictor] NVDA_bt: señal=SELL confianza=0.592
2026-03-16 10:18:32,538 INFO [predictor] NVDA_bt: señal=SELL confianza=0.612
2026-03-16 10:18:32,540 INFO [predictor] NVDA_bt: señal=SELL confianza=0.772
2026-03-16 10:18:32,541 INFO [predictor] NVDA_bt: señal=SELL confianza=0.796
2026-03-16 10:18:32,542 INFO [predictor] NVDA_bt: señal=SELL confianza=0.755
2026-03-16 10:18:32,543 INFO [predictor] NVDA_bt: señal=SELL confianza=0.587
2026-03-16 10:18:32,544 INFO [predictor] NVDA_bt: señal=SELL confianza=0.691
2026-03-16 10:18:32,546 INFO [predictor] NVDA_bt: señal=SELL confianza=0.733
2026-03-16 10:18:32,547 INFO [predictor] NVDA_bt: señal=SELL confianza=0.654
2026-03-16 10:18:32,548 INFO [predictor] NVDA_bt: señal=SELL confianza=0.559
2026-03-16 10:18:32,549 INFO [predictor] NVDA_bt: señal=SELL confianza=0.581
2026-03-16 10:18:32,549 INFO [predictor] NVDA_bt: señal=SELL confianza=0.692
2026-03-16 10:18:32,550 INFO [predictor] NVDA_bt: señal=SELL confianza=0.674
2026-03-16 10:18:32,551 INFO [predictor] NVDA_bt: señal=SELL confianza=0.650
2026-03-16 10:18:32,552 INFO [predictor] NVDA_bt: señal=SELL confianza=0.611
2026-03-16 10:18:32,553 INFO [predictor] NVDA_bt: señal=SELL confianza=0.762
2026-03-16 10:18:32,554 INFO [predictor] NVDA_bt: señal=SELL confianza=0.633
2026-03-16 10:18:32,556 INFO [predictor] NVDA_bt: señal=SELL confianza=0.755
2026-03-16 10:18:32,557 INFO [predictor] NVDA_bt: señal=SELL confianza=0.696
2026-03-16 10:18:32,558 INFO [predictor] NVDA_bt: señal=SELL confianza=0.685
2026-03-16 10:18:32,559 INFO [predictor] NVDA_bt: señal=SELL confianza=0.669
2026-03-16 10:18:32,559 INFO [predictor] NVDA_bt: señal=SELL confianza=0.634
2026-03-16 10:18:32,560 INFO [predictor] NVDA_bt: señal=SELL confianza=0.752
2026-03-16 10:18:32,561 INFO [predictor] NVDA_bt: señal=SELL confianza=0.746
2026-03-16 10:18:32,563 INFO [predictor] NVDA_bt: señal=SELL confianza=0.688
2026-03-16 10:18:32,563 INFO [predictor] NVDA_bt: señal=SELL confianza=0.613
2026-03-16 10:18:32,564 INFO [predictor] NVDA_bt: señal=SELL confianza=0.745
2026-03-16 10:18:32,565 INFO [predictor] NVDA_bt: señal=SELL confianza=0.656
2026-03-16 10:18:32,566 INFO [predictor] NVDA_bt: señal=SELL confianza=0.758
2026-03-16 10:18:32,567 INFO [predictor] NVDA_bt: señal=SELL confianza=0.655
2026-03-16 10:18:32,568 INFO [predictor] NVDA_bt: señal=SELL confianza=0.641
2026-03-16 10:18:32,569 INFO [predictor] NVDA_bt: señal=HOLD confianza=0.508
2026-03-16 10:18:32,570 INFO [predictor] NVDA_bt: señal=BUY confianza=0.618
2026-03-16 10:18:32,572 INFO [predictor] NVDA_bt: señal=HOLD confianza=0.500
2026-03-16 10:18:32,573 INFO [predictor] NVDA_bt: señal=HOLD confianza=0.523
2026-03-16 10:18:32,574 INFO [predictor] NVDA_bt: señal=HOLD confianza=0.546
2026-03-16 10:18:32,575 INFO [predictor] NVDA_bt: señal=HOLD confianza=0.505
2026-03-16 10:18:32,576 INFO [predictor] NVDA_bt: señal=HOLD confianza=0.513
2026-03-16 10:18:32,577 INFO [predictor] NVDA_bt: señal=SELL confianza=0.574
2026-03-16 10:18:32,578 INFO [predictor] NVDA_bt: señal=BUY confianza=0.607
2026-03-16 10:18:32,580 INFO [predictor] NVDA_bt: señal=HOLD confianza=0.524
2026-03-16 10:18:32,581 INFO [predictor] NVDA_bt: señal=SELL confianza=0.554
2026-03-16 10:18:32,582 INFO [predictor] NVDA_bt: señal=SELL confianza=0.616
2026-03-16 10:18:32,583 INFO [predictor] NVDA_bt: señal=BUY confianza=0.623
2026-03-16 10:18:32,585 INFO [predictor] NVDA_bt: señal=SELL confianza=0.574
2026-03-16 10:18:32,586 INFO [predictor] NVDA_bt: señal=HOLD confianza=0.542
2026-03-16 10:18:32,587 INFO [predictor] NVDA_bt: señal=SELL confianza=0.567
2026-03-16 10:18:32,588 INFO [predictor] NVDA_bt: señal=SELL confianza=0.699
2026-03-16 10:18:32,589 INFO [predictor] NVDA_bt: señal=SELL confianza=0.837
2026-03-16 10:18:32,590 INFO [predictor] NVDA_bt: señal=SELL confianza=0.788
2026-03-16 10:18:32,591 INFO [predictor] NVDA_bt: señal=SELL confianza=0.720
2026-03-16 10:18:32,593 INFO [predictor] NVDA_bt: señal=SELL confianza=0.793
2026-03-16 10:18:32,594 INFO [predictor] NVDA_bt: señal=SELL confianza=0.675
2026-03-16 10:18:32,594 INFO [predictor] NVDA_bt: señal=SELL confianza=0.800
2026-03-16 10:18:32,596 INFO [predictor] NVDA_bt: señal=SELL confianza=0.765
2026-03-16 10:18:32,597 INFO [predictor] NVDA_bt: señal=SELL confianza=0.729
2026-03-16 10:18:32,597 INFO [predictor] NVDA_bt: señal=SELL confianza=0.765
2026-03-16 10:18:32,598 INFO [predictor] NVDA_bt: señal=SELL confianza=0.787
2026-03-16 10:18:32,599 INFO [predictor] NVDA_bt: señal=SELL confianza=0.824
2026-03-16 10:18:32,600 INFO [predictor] NVDA_bt: señal=SELL confianza=0.713
2026-03-16 10:18:32,601 INFO [predictor] NVDA_bt: señal=SELL confianza=0.661
2026-03-16 10:18:32,602 INFO [predictor] NVDA_bt: señal=SELL confianza=0.799
2026-03-16 10:18:32,603 INFO [predictor] NVDA_bt: señal=SELL confianza=0.732
2026-03-16 10:18:32,604 INFO [predictor] NVDA_bt: señal=SELL confianza=0.691
2026-03-16 10:18:32,605 INFO [predictor] NVDA_bt: señal=SELL confianza=0.638
2026-03-16 10:18:32,606 INFO [predictor] NVDA_bt: señal=SELL confianza=0.757
2026-03-16 10:18:32,607 INFO [predictor] NVDA_bt: señal=SELL confianza=0.675
2026-03-16 10:18:32,608 INFO [predictor] NVDA_bt: señal=SELL confianza=0.620
2026-03-16 10:18:32,609 INFO [predictor] NVDA_bt: señal=SELL confianza=0.743
2026-03-16 10:18:32,609 INFO [predictor] NVDA_bt: señal=SELL confianza=0.768
2026-03-16 10:18:32,610 INFO [predictor] NVDA_bt: señal=SELL confianza=0.654
2026-03-16 10:18:32,611 INFO [predictor] NVDA_bt: señal=SELL confianza=0.720
2026-03-16 10:18:32,612 INFO [predictor] NVDA_bt: señal=SELL confianza=0.705
2026-03-16 10:18:32,613 INFO [predictor] NVDA_bt: señal=SELL confianza=0.731
2026-03-16 10:18:32,614 INFO [predictor] NVDA_bt: señal=SELL confianza=0.651
2026-03-16 10:18:32,615 INFO [predictor] NVDA_bt: señal=SELL confianza=0.583
2026-03-16 10:18:32,617 INFO [predictor] NVDA_bt: señal=SELL confianza=0.568
2026-03-16 10:18:32,618 INFO [predictor] NVDA_bt: señal=SELL confianza=0.550
2026-03-16 10:18:32,618 INFO [predictor] NVDA_bt: señal=SELL confianza=0.694
2026-03-16 10:18:32,619 INFO [predictor] NVDA_bt: señal=SELL confianza=0.730
2026-03-16 10:18:32,620 INFO [predictor] NVDA_bt: señal=SELL confianza=0.795
2026-03-16 10:18:32,622 INFO [predictor] NVDA_bt: señal=SELL confianza=0.813
2026-03-16 10:18:32,623 INFO [predictor] NVDA_bt: señal=SELL confianza=0.702
2026-03-16 10:18:32,624 INFO [predictor] NVDA_bt: señal=SELL confianza=0.822
2026-03-16 10:18:32,625 INFO [predictor] NVDA_bt: señal=SELL confianza=0.761
2026-03-16 10:18:32,625 INFO [predictor] NVDA_bt: señal=SELL confianza=0.746
2026-03-16 10:18:32,626 INFO [predictor] NVDA_bt: señal=SELL confianza=0.807
2026-03-16 10:18:32,627 INFO [predictor] NVDA_bt: señal=SELL confianza=0.715
2026-03-16 10:18:32,628 INFO [predictor] NVDA_bt: señal=SELL confianza=0.761
2026-03-16 10:18:32,629 INFO [predictor] NVDA_bt: señal=SELL confianza=0.804
2026-03-16 10:18:32,629 INFO [predictor] NVDA_bt: señal=SELL confianza=0.681
2026-03-16 10:18:32,630 INFO [predictor] NVDA_bt: señal=SELL confianza=0.697
2026-03-16 10:18:32,631 INFO [predictor] NVDA_bt: señal=BUY confianza=0.592
2026-03-16 10:18:32,632 INFO [predictor] NVDA_bt: señal=SELL confianza=0.599
2026-03-16 10:18:32,633 INFO [predictor] NVDA_bt: señal=SELL confianza=0.597
2026-03-16 10:18:32,634 INFO [predictor] NVDA_bt: señal=HOLD confianza=0.529
2026-03-16 10:18:32,634 INFO [predictor] NVDA_bt: señal=SELL confianza=0.573
2026-03-16 10:18:32,635 INFO [predictor] NVDA_bt: señal=BUY confianza=0.608
2026-03-16 10:18:32,636 INFO [predictor] NVDA_bt: señal=SELL confianza=0.599
2026-03-16 10:18:32,637 INFO [predictor] NVDA_bt: señal=SELL confianza=0.649
2026-03-16 10:18:32,637 INFO [predictor] NVDA_bt: señal=SELL confianza=0.608
2026-03-16 10:18:32,638 INFO [predictor] NVDA_bt: señal=HOLD confianza=0.542
2026-03-16 10:18:32,639 INFO [predictor] NVDA_bt: señal=SELL confianza=0.616
2026-03-16 10:18:32,640 INFO [predictor] NVDA_bt: señal=HOLD confianza=0.520
2026-03-16 10:18:32,641 INFO [predictor] NVDA_bt: señal=SELL confianza=0.643
2026-03-16 10:18:32,642 INFO [predictor] NVDA_bt: señal=HOLD confianza=0.519
2026-03-16 10:18:32,643 INFO [predictor] NVDA_bt: señal=SELL confianza=0.712
2026-03-16 10:18:32,644 INFO [predictor] NVDA_bt: señal=SELL confianza=0.720
2026-03-16 10:18:32,645 INFO [predictor] NVDA_bt: señal=SELL confianza=0.724
2026-03-16 10:18:32,645 INFO [predictor] NVDA_bt: señal=SELL confianza=0.752
2026-03-16 10:18:32,646 INFO [predictor] NVDA_bt: señal=SELL confianza=0.749
2026-03-16 10:18:32,647 INFO [predictor] NVDA_bt: señal=SELL confianza=0.682
2026-03-16 10:18:32,648 INFO [predictor] NVDA_bt: señal=SELL confianza=0.788
2026-03-16 10:18:32,649 INFO [predictor] NVDA_bt: señal=SELL confianza=0.874
2026-03-16 10:18:32,650 INFO [predictor] NVDA_bt: señal=SELL confianza=0.879
2026-03-16 10:18:32,651 INFO [predictor] NVDA_bt: señal=HOLD confianza=0.503
2026-03-16 10:18:32,651 INFO [predictor] NVDA_bt: señal=SELL confianza=0.744
2026-03-16 10:18:32,653 INFO [predictor] NVDA_bt: señal=SELL confianza=0.768
2026-03-16 10:18:32,653 INFO [predictor] NVDA_bt: señal=SELL confianza=0.765
2026-03-16 10:18:32,654 INFO [predictor] NVDA_bt: señal=SELL confianza=0.761
2026-03-16 10:18:32,655 INFO [predictor] NVDA_bt: señal=SELL confianza=0.844
2026-03-16 10:18:32,656 INFO [predictor] NVDA_bt: señal=SELL confianza=0.817
2026-03-16 10:18:32,656 INFO [predictor] NVDA_bt: señal=SELL confianza=0.755
2026-03-16 10:18:32,657 INFO [predictor] NVDA_bt: señal=SELL confianza=0.780
2026-03-16 10:18:32,658 INFO [predictor] NVDA_bt: señal=SELL confianza=0.787
2026-03-16 10:18:32,659 INFO [predictor] NVDA_bt: señal=SELL confianza=0.786
2026-03-16 10:18:32,659 INFO [predictor] NVDA_bt: señal=SELL confianza=0.799
2026-03-16 10:18:32,660 INFO [predictor] NVDA_bt: señal=SELL confianza=0.721
2026-03-16 10:18:32,661 INFO [predictor] NVDA_bt: señal=SELL confianza=0.724
2026-03-16 10:18:32,662 INFO [predictor] NVDA_bt: señal=SELL confianza=0.693
2026-03-16 10:18:32,662 INFO [predictor] NVDA_bt: señal=SELL confianza=0.721
2026-03-16 10:18:32,663 INFO [predictor] NVDA_bt: señal=SELL confianza=0.833
2026-03-16 10:18:32,664 INFO [predictor] NVDA_bt: señal=SELL confianza=0.788
2026-03-16 10:18:32,665 INFO [predictor] NVDA_bt: señal=SELL confianza=0.624
2026-03-16 10:18:32,666 INFO [predictor] NVDA_bt: señal=SELL confianza=0.713
2026-03-16 10:18:32,667 INFO [predictor] NVDA_bt: señal=SELL confianza=0.736
2026-03-16 10:18:32,667 INFO [predictor] NVDA_bt: señal=SELL confianza=0.691
2026-03-16 10:18:32,668 INFO [predictor] NVDA_bt: señal=SELL confianza=0.697
2026-03-16 10:18:32,669 INFO [predictor] NVDA_bt: señal=SELL confianza=0.731
2026-03-16 10:18:32,670 INFO [predictor] NVDA_bt: señal=SELL confianza=0.661
2026-03-16 10:18:32,670 INFO [predictor] NVDA_bt: señal=SELL confianza=0.722
2026-03-16 10:18:32,671 INFO [predictor] NVDA_bt: señal=SELL confianza=0.689
2026-03-16 10:18:32,672 INFO [predictor] NVDA_bt: señal=SELL confianza=0.680
2026-03-16 10:18:32,672 INFO [predictor] NVDA_bt: señal=SELL confianza=0.808
2026-03-16 10:18:32,674 INFO [predictor] NVDA_bt: señal=SELL confianza=0.731
2026-03-16 10:18:32,675 INFO [predictor] NVDA_bt: señal=SELL confianza=0.702
2026-03-16 10:18:32,676 INFO [predictor] NVDA_bt: señal=SELL confianza=0.779
2026-03-16 10:18:32,677 INFO [predictor] NVDA_bt: señal=BUY confianza=0.569
2026-03-16 10:18:32,678 INFO [predictor] NVDA_bt: señal=BUY confianza=0.700
2026-03-16 10:18:32,679 INFO [predictor] NVDA_bt: señal=SELL confianza=0.763
2026-03-16 10:18:32,680 INFO [predictor] NVDA_bt: señal=SELL confianza=0.774
2026-03-16 10:18:32,680 INFO [predictor] NVDA_bt: señal=SELL confianza=0.768
2026-03-16 10:18:32,681 INFO [predictor] NVDA_bt: señal=SELL confianza=0.865
2026-03-16 10:18:32,682 INFO [predictor] NVDA_bt: señal=SELL confianza=0.724
2026-03-16 10:18:32,683 INFO [predictor] NVDA_bt: señal=SELL confianza=0.688
2026-03-16 10:18:32,684 INFO [predictor] NVDA_bt: señal=SELL confianza=0.773
2026-03-16 10:18:32,686 INFO [predictor] NVDA_bt: señal=SELL confianza=0.764
2026-03-16 10:18:32,686 INFO [predictor] NVDA_bt: señal=SELL confianza=0.864
2026-03-16 10:18:32,687 INFO [predictor] NVDA_bt: señal=SELL confianza=0.781
2026-03-16 10:18:32,688 INFO [predictor] NVDA_bt: señal=SELL confianza=0.788
2026-03-16 10:18:32,689 INFO [predictor] NVDA_bt: señal=SELL confianza=0.859
2026-03-16 10:18:32,690 INFO [predictor] NVDA_bt: señal=SELL confianza=0.747
2026-03-16 10:18:32,691 INFO [predictor] NVDA_bt: señal=SELL confianza=0.777
2026-03-16 10:18:32,692 INFO [predictor] NVDA_bt: señal=SELL confianza=0.677
2026-03-16 10:18:32,693 INFO [predictor] NVDA_bt: señal=SELL confianza=0.743
2026-03-16 10:18:32,694 INFO [predictor] NVDA_bt: señal=SELL confianza=0.614
2026-03-16 10:18:32,695 INFO [predictor] NVDA_bt: señal=SELL confianza=0.741
2026-03-16 10:18:32,696 INFO [predictor] NVDA_bt: señal=SELL confianza=0.715
2026-03-16 10:18:32,696 INFO [predictor] NVDA_bt: señal=HOLD confianza=0.529
2026-03-16 10:18:32,697 INFO [predictor] NVDA_bt: señal=SELL confianza=0.585
2026-03-16 10:18:32,698 INFO [predictor] NVDA_bt: señal=SELL confianza=0.737
2026-03-16 10:18:32,699 INFO [predictor] NVDA_bt: señal=SELL confianza=0.835
2026-03-16 10:18:32,700 INFO [predictor] NVDA_bt: señal=SELL confianza=0.742
2026-03-16 10:18:32,700 INFO [predictor] NVDA_bt: señal=SELL confianza=0.700
2026-03-16 10:18:33,068 INFO [predictor] SPY_bt fold 1: accuracy=0.430
2026-03-16 10:18:33,149 INFO [predictor] SPY_bt fold 2: accuracy=0.463
2026-03-16 10:18:33,237 INFO [predictor] SPY_bt fold 3: accuracy=0.562
2026-03-16 10:18:33,311 INFO [predictor] SPY_bt: modelo guardado en disco
2026-03-16 10:18:33,312 INFO [predictor] SPY_bt: entrenado. Accuracy CV = 0.485
2026-03-16 10:18:33,313 INFO [predictor] SPY_bt: señal=SELL confianza=0.679
2026-03-16 10:18:33,314 INFO [predictor] SPY_bt: señal=SELL confianza=0.561
2026-03-16 10:18:33,315 INFO [predictor] SPY_bt: señal=HOLD confianza=0.545
2026-03-16 10:18:33,316 INFO [predictor] SPY_bt: señal=BUY confianza=0.558
2026-03-16 10:18:33,317 INFO [predictor] SPY_bt: señal=BUY confianza=0.675
2026-03-16 10:18:33,318 INFO [predictor] SPY_bt: señal=SELL confianza=0.620
2026-03-16 10:18:33,319 INFO [predictor] SPY_bt: señal=SELL confianza=0.639
2026-03-16 10:18:33,319 INFO [predictor] SPY_bt: señal=SELL confianza=0.598
2026-03-16 10:18:33,320 INFO [predictor] SPY_bt: señal=HOLD confianza=0.523
2026-03-16 10:18:33,321 INFO [predictor] SPY_bt: señal=HOLD confianza=0.521
2026-03-16 10:18:33,322 INFO [predictor] SPY_bt: señal=SELL confianza=0.639
2026-03-16 10:18:33,323 INFO [predictor] SPY_bt: señal=SELL confianza=0.672
2026-03-16 10:18:33,324 INFO [predictor] SPY_bt: señal=HOLD confianza=0.547
2026-03-16 10:18:33,324 INFO [predictor] SPY_bt: señal=HOLD confianza=0.523
2026-03-16 10:18:33,325 INFO [predictor] SPY_bt: señal=HOLD confianza=0.536
2026-03-16 10:18:33,326 INFO [predictor] SPY_bt: señal=HOLD confianza=0.524
2026-03-16 10:18:33,327 INFO [predictor] SPY_bt: señal=HOLD confianza=0.525
2026-03-16 10:18:33,327 INFO [predictor] SPY_bt: señal=HOLD confianza=0.504
2026-03-16 10:18:33,328 INFO [predictor] SPY_bt: señal=SELL confianza=0.598
2026-03-16 10:18:33,329 INFO [predictor] SPY_bt: señal=SELL confianza=0.708
2026-03-16 10:18:33,330 INFO [predictor] SPY_bt: señal=SELL confianza=0.704
2026-03-16 10:18:33,331 INFO [predictor] SPY_bt: señal=SELL confianza=0.719
2026-03-16 10:18:33,331 INFO [predictor] SPY_bt: señal=SELL confianza=0.554
2026-03-16 10:18:33,332 INFO [predictor] SPY_bt: señal=SELL confianza=0.738
2026-03-16 10:18:33,333 INFO [predictor] SPY_bt: señal=SELL confianza=0.889
2026-03-16 10:18:33,334 INFO [predictor] SPY_bt: señal=SELL confianza=0.792
2026-03-16 10:18:33,334 INFO [predictor] SPY_bt: señal=SELL confianza=0.848
2026-03-16 10:18:33,335 INFO [predictor] SPY_bt: señal=SELL confianza=0.617
2026-03-16 10:18:33,336 INFO [predictor] SPY_bt: señal=SELL confianza=0.783
2026-03-16 10:18:33,337 INFO [predictor] SPY_bt: señal=SELL confianza=0.799
2026-03-16 10:18:33,337 INFO [predictor] SPY_bt: señal=SELL confianza=0.885
2026-03-16 10:18:33,338 INFO [predictor] SPY_bt: señal=SELL confianza=0.745
2026-03-16 10:18:33,339 INFO [predictor] SPY_bt: señal=SELL confianza=0.761
2026-03-16 10:18:33,340 INFO [predictor] SPY_bt: señal=SELL confianza=0.771
2026-03-16 10:18:33,340 INFO [predictor] SPY_bt: señal=SELL confianza=0.805
2026-03-16 10:18:33,341 INFO [predictor] SPY_bt: señal=SELL confianza=0.780
2026-03-16 10:18:33,342 INFO [predictor] SPY_bt: señal=SELL confianza=0.858
2026-03-16 10:18:33,343 INFO [predictor] SPY_bt: señal=SELL confianza=0.819
2026-03-16 10:18:33,343 INFO [predictor] SPY_bt: señal=SELL confianza=0.831
2026-03-16 10:18:33,344 INFO [predictor] SPY_bt: señal=SELL confianza=0.829
2026-03-16 10:18:33,345 INFO [predictor] SPY_bt: señal=SELL confianza=0.826
2026-03-16 10:18:33,346 INFO [predictor] SPY_bt: señal=SELL confianza=0.816
2026-03-16 10:18:33,346 INFO [predictor] SPY_bt: señal=SELL confianza=0.826
2026-03-16 10:18:33,347 INFO [predictor] SPY_bt: señal=SELL confianza=0.819
2026-03-16 10:18:33,348 INFO [predictor] SPY_bt: señal=SELL confianza=0.798
2026-03-16 10:18:33,349 INFO [predictor] SPY_bt: señal=SELL confianza=0.847
2026-03-16 10:18:33,349 INFO [predictor] SPY_bt: señal=SELL confianza=0.786
2026-03-16 10:18:33,350 INFO [predictor] SPY_bt: señal=SELL confianza=0.835
2026-03-16 10:18:33,351 INFO [predictor] SPY_bt: señal=SELL confianza=0.808
2026-03-16 10:18:33,352 INFO [predictor] SPY_bt: señal=SELL confianza=0.848
2026-03-16 10:18:33,353 INFO [predictor] SPY_bt: señal=SELL confianza=0.872
2026-03-16 10:18:33,353 INFO [predictor] SPY_bt: señal=SELL confianza=0.788
2026-03-16 10:18:33,354 INFO [predictor] SPY_bt: señal=SELL confianza=0.744
2026-03-16 10:18:33,355 INFO [predictor] SPY_bt: señal=SELL confianza=0.745
2026-03-16 10:18:33,356 INFO [predictor] SPY_bt: señal=SELL confianza=0.756
2026-03-16 10:18:33,357 INFO [predictor] SPY_bt: señal=SELL confianza=0.722
2026-03-16 10:18:33,357 INFO [predictor] SPY_bt: señal=SELL confianza=0.868
2026-03-16 10:18:33,358 INFO [predictor] SPY_bt: señal=SELL confianza=0.835
2026-03-16 10:18:33,359 INFO [predictor] SPY_bt: señal=SELL confianza=0.782
2026-03-16 10:18:33,360 INFO [predictor] SPY_bt: señal=SELL confianza=0.810
2026-03-16 10:18:33,360 INFO [predictor] SPY_bt: señal=SELL confianza=0.797
2026-03-16 10:18:33,361 INFO [predictor] SPY_bt: señal=SELL confianza=0.734
2026-03-16 10:18:33,362 INFO [predictor] SPY_bt: señal=SELL confianza=0.631
2026-03-16 10:18:33,363 INFO [predictor] SPY_bt: señal=SELL confianza=0.764
2026-03-16 10:18:33,363 INFO [predictor] SPY_bt: señal=SELL confianza=0.734
2026-03-16 10:18:33,364 INFO [predictor] SPY_bt: señal=SELL confianza=0.790
2026-03-16 10:18:33,365 INFO [predictor] SPY_bt: señal=SELL confianza=0.821
2026-03-16 10:18:33,365 INFO [predictor] SPY_bt: señal=SELL confianza=0.683
2026-03-16 10:18:33,366 INFO [predictor] SPY_bt: señal=SELL confianza=0.654
2026-03-16 10:18:33,367 INFO [predictor] SPY_bt: señal=SELL confianza=0.625
2026-03-16 10:18:33,368 INFO [predictor] SPY_bt: señal=SELL confianza=0.780
2026-03-16 10:18:33,369 INFO [predictor] SPY_bt: señal=SELL confianza=0.737
2026-03-16 10:18:33,369 INFO [predictor] SPY_bt: señal=SELL confianza=0.855
2026-03-16 10:18:33,370 INFO [predictor] SPY_bt: señal=SELL confianza=0.850
2026-03-16 10:18:33,371 INFO [predictor] SPY_bt: señal=SELL confianza=0.753
2026-03-16 10:18:33,372 INFO [predictor] SPY_bt: señal=SELL confianza=0.746
2026-03-16 10:18:33,372 INFO [predictor] SPY_bt: señal=SELL confianza=0.694
2026-03-16 10:18:33,373 INFO [predictor] SPY_bt: señal=SELL confianza=0.793
2026-03-16 10:18:33,374 INFO [predictor] SPY_bt: señal=SELL confianza=0.735
2026-03-16 10:18:33,375 INFO [predictor] SPY_bt: señal=SELL confianza=0.753
2026-03-16 10:18:33,375 INFO [predictor] SPY_bt: señal=SELL confianza=0.676
2026-03-16 10:18:33,376 INFO [predictor] SPY_bt: señal=SELL confianza=0.827
2026-03-16 10:18:33,377 INFO [predictor] SPY_bt: señal=SELL confianza=0.842
2026-03-16 10:18:33,378 INFO [predictor] SPY_bt: señal=SELL confianza=0.829
2026-03-16 10:18:33,378 INFO [predictor] SPY_bt: señal=SELL confianza=0.864
2026-03-16 10:18:33,379 INFO [predictor] SPY_bt: señal=SELL confianza=0.822
2026-03-16 10:18:33,380 INFO [predictor] SPY_bt: señal=SELL confianza=0.862
2026-03-16 10:18:33,381 INFO [predictor] SPY_bt: señal=SELL confianza=0.802
2026-03-16 10:18:33,381 INFO [predictor] SPY_bt: señal=SELL confianza=0.838
2026-03-16 10:18:33,382 INFO [predictor] SPY_bt: señal=SELL confianza=0.836
2026-03-16 10:18:33,383 INFO [predictor] SPY_bt: señal=SELL confianza=0.835
2026-03-16 10:18:33,384 INFO [predictor] SPY_bt: señal=SELL confianza=0.804
2026-03-16 10:18:33,385 INFO [predictor] SPY_bt: señal=SELL confianza=0.886
2026-03-16 10:18:33,385 INFO [predictor] SPY_bt: señal=SELL confianza=0.859
2026-03-16 10:18:33,386 INFO [predictor] SPY_bt: señal=SELL confianza=0.869
2026-03-16 10:18:33,387 INFO [predictor] SPY_bt: señal=SELL confianza=0.855
2026-03-16 10:18:33,388 INFO [predictor] SPY_bt: señal=SELL confianza=0.834
2026-03-16 10:18:33,388 INFO [predictor] SPY_bt: señal=SELL confianza=0.827
2026-03-16 10:18:33,389 INFO [predictor] SPY_bt: señal=SELL confianza=0.841
2026-03-16 10:18:33,390 INFO [predictor] SPY_bt: señal=SELL confianza=0.831
2026-03-16 10:18:33,391 INFO [predictor] SPY_bt: señal=SELL confianza=0.739
2026-03-16 10:18:33,392 INFO [predictor] SPY_bt: señal=SELL confianza=0.740
2026-03-16 10:18:33,392 INFO [predictor] SPY_bt: señal=SELL confianza=0.766
2026-03-16 10:18:33,393 INFO [predictor] SPY_bt: señal=SELL confianza=0.757
2026-03-16 10:18:33,394 INFO [predictor] SPY_bt: señal=SELL confianza=0.765
2026-03-16 10:18:33,395 INFO [predictor] SPY_bt: señal=SELL confianza=0.789
2026-03-16 10:18:33,396 INFO [predictor] SPY_bt: señal=SELL confianza=0.893
2026-03-16 10:18:33,397 INFO [predictor] SPY_bt: señal=SELL confianza=0.683
2026-03-16 10:18:33,397 INFO [predictor] SPY_bt: señal=SELL confianza=0.709
2026-03-16 10:18:33,398 INFO [predictor] SPY_bt: señal=SELL confianza=0.775
2026-03-16 10:18:33,399 INFO [predictor] SPY_bt: señal=SELL confianza=0.675
2026-03-16 10:18:33,400 INFO [predictor] SPY_bt: señal=SELL confianza=0.879
2026-03-16 10:18:33,400 INFO [predictor] SPY_bt: señal=SELL confianza=0.791
2026-03-16 10:18:33,401 INFO [predictor] SPY_bt: señal=SELL confianza=0.774
2026-03-16 10:18:33,402 INFO [predictor] SPY_bt: señal=SELL confianza=0.725
2026-03-16 10:18:33,403 INFO [predictor] SPY_bt: señal=SELL confianza=0.765
2026-03-16 10:18:33,403 INFO [predictor] SPY_bt: señal=SELL confianza=0.808
2026-03-16 10:18:33,404 INFO [predictor] SPY_bt: señal=SELL confianza=0.707
2026-03-16 10:18:33,405 INFO [predictor] SPY_bt: señal=SELL confianza=0.638
2026-03-16 10:18:33,406 INFO [predictor] SPY_bt: señal=SELL confianza=0.751
2026-03-16 10:18:33,406 INFO [predictor] SPY_bt: señal=SELL confianza=0.799
2026-03-16 10:18:33,407 INFO [predictor] SPY_bt: señal=SELL confianza=0.820
2026-03-16 10:18:33,408 INFO [predictor] SPY_bt: señal=SELL confianza=0.847
2026-03-16 10:18:33,408 INFO [predictor] SPY_bt: señal=SELL confianza=0.689
2026-03-16 10:18:33,409 INFO [predictor] SPY_bt: señal=SELL confianza=0.815
2026-03-16 10:18:33,410 INFO [predictor] SPY_bt: señal=SELL confianza=0.779
2026-03-16 10:18:33,411 INFO [predictor] SPY_bt: señal=SELL confianza=0.729
2026-03-16 10:18:33,411 INFO [predictor] SPY_bt: señal=SELL confianza=0.676
2026-03-16 10:18:33,412 INFO [predictor] SPY_bt: señal=SELL confianza=0.811
2026-03-16 10:18:33,413 INFO [predictor] SPY_bt: señal=SELL confianza=0.611
2026-03-16 10:18:33,414 INFO [predictor] SPY_bt: señal=SELL confianza=0.811
2026-03-16 10:18:33,414 INFO [predictor] SPY_bt: señal=SELL confianza=0.767
2026-03-16 10:18:33,415 INFO [predictor] SPY_bt: señal=SELL confianza=0.807
2026-03-16 10:18:33,416 INFO [predictor] SPY_bt: señal=SELL confianza=0.753
2026-03-16 10:18:33,417 INFO [predictor] SPY_bt: señal=HOLD confianza=0.537
2026-03-16 10:18:33,418 INFO [predictor] SPY_bt: señal=SELL confianza=0.645
2026-03-16 10:18:33,418 INFO [predictor] SPY_bt: señal=SELL confianza=0.736
2026-03-16 10:18:33,419 INFO [predictor] SPY_bt: señal=SELL confianza=0.600
2026-03-16 10:18:33,420 INFO [predictor] SPY_bt: señal=SELL confianza=0.730
2026-03-16 10:18:33,421 INFO [predictor] SPY_bt: señal=SELL confianza=0.758
2026-03-16 10:18:33,422 INFO [predictor] SPY_bt: señal=HOLD confianza=0.532
2026-03-16 10:18:33,423 INFO [predictor] SPY_bt: señal=SELL confianza=0.697
2026-03-16 10:18:33,423 INFO [predictor] SPY_bt: señal=SELL confianza=0.789
2026-03-16 10:18:33,424 INFO [predictor] SPY_bt: señal=SELL confianza=0.830
2026-03-16 10:18:33,425 INFO [predictor] SPY_bt: señal=SELL confianza=0.730
2026-03-16 10:18:33,426 INFO [predictor] SPY_bt: señal=SELL confianza=0.751
2026-03-16 10:18:33,426 INFO [predictor] SPY_bt: señal=SELL confianza=0.749
2026-03-16 10:18:33,427 INFO [predictor] SPY_bt: señal=SELL confianza=0.734
2026-03-16 10:18:33,428 INFO [predictor] SPY_bt: señal=SELL confianza=0.792
2026-03-16 10:18:33,429 INFO [predictor] SPY_bt: señal=SELL confianza=0.842
2026-03-16 10:18:33,429 INFO [predictor] SPY_bt: señal=SELL confianza=0.649
2026-03-16 10:18:33,430 INFO [predictor] SPY_bt: señal=SELL confianza=0.791
2026-03-16 10:18:33,431 INFO [predictor] SPY_bt: señal=SELL confianza=0.669
2026-03-16 10:18:33,432 INFO [predictor] SPY_bt: señal=SELL confianza=0.744
2026-03-16 10:18:33,432 INFO [predictor] SPY_bt: señal=SELL confianza=0.756
2026-03-16 10:18:33,433 INFO [predictor] SPY_bt: señal=SELL confianza=0.628
2026-03-16 10:18:33,434 INFO [predictor] SPY_bt: señal=SELL confianza=0.767
2026-03-16 10:18:33,435 INFO [predictor] SPY_bt: señal=SELL confianza=0.735
2026-03-16 10:18:33,436 INFO [predictor] SPY_bt: señal=SELL confianza=0.755
2026-03-16 10:18:33,436 INFO [predictor] SPY_bt: señal=SELL confianza=0.792
2026-03-16 10:18:33,437 INFO [predictor] SPY_bt: señal=SELL confianza=0.706
2026-03-16 10:18:33,438 INFO [predictor] SPY_bt: señal=SELL confianza=0.762
2026-03-16 10:18:33,439 INFO [predictor] SPY_bt: señal=SELL confianza=0.786
2026-03-16 10:18:33,439 INFO [predictor] SPY_bt: señal=SELL confianza=0.811
2026-03-16 10:18:33,440 INFO [predictor] SPY_bt: señal=SELL confianza=0.751
2026-03-16 10:18:33,441 INFO [predictor] SPY_bt: señal=SELL confianza=0.740
2026-03-16 10:18:33,442 INFO [predictor] SPY_bt: señal=SELL confianza=0.784
2026-03-16 10:18:33,442 INFO [predictor] SPY_bt: señal=SELL confianza=0.799
2026-03-16 10:18:33,443 INFO [predictor] SPY_bt: señal=SELL confianza=0.723
2026-03-16 10:18:33,444 INFO [predictor] SPY_bt: señal=SELL confianza=0.798
2026-03-16 10:18:33,445 INFO [predictor] SPY_bt: señal=SELL confianza=0.784
2026-03-16 10:18:33,445 INFO [predictor] SPY_bt: señal=SELL confianza=0.802
2026-03-16 10:18:33,446 INFO [predictor] SPY_bt: señal=SELL confianza=0.688
2026-03-16 10:18:33,447 INFO [predictor] SPY_bt: señal=SELL confianza=0.804
2026-03-16 10:18:33,448 INFO [predictor] SPY_bt: señal=SELL confianza=0.766
2026-03-16 10:18:33,449 INFO [predictor] SPY_bt: señal=SELL confianza=0.761
2026-03-16 10:18:33,449 INFO [predictor] SPY_bt: señal=SELL confianza=0.759
2026-03-16 10:18:33,450 INFO [predictor] SPY_bt: señal=SELL confianza=0.776
2026-03-16 10:18:33,451 INFO [predictor] SPY_bt: señal=SELL confianza=0.733
2026-03-16 10:18:33,452 INFO [predictor] SPY_bt: señal=SELL confianza=0.820
2026-03-16 10:18:33,454 INFO [predictor] SPY_bt: señal=SELL confianza=0.644
2026-03-16 10:18:33,455 INFO [predictor] SPY_bt: señal=SELL confianza=0.726
2026-03-16 10:18:33,456 INFO [predictor] SPY_bt: señal=SELL confianza=0.800
2026-03-16 10:18:33,458 INFO [predictor] SPY_bt: señal=SELL confianza=0.655
2026-03-16 10:18:33,458 INFO [predictor] SPY_bt: señal=SELL confianza=0.710
2026-03-16 10:18:33,459 INFO [predictor] SPY_bt: señal=SELL confianza=0.841
2026-03-16 10:18:33,460 INFO [predictor] SPY_bt: señal=SELL confianza=0.807
2026-03-16 10:18:33,461 INFO [predictor] SPY_bt: señal=SELL confianza=0.750
2026-03-16 10:18:33,462 INFO [predictor] SPY_bt: señal=SELL confianza=0.750
2026-03-16 10:18:33,463 INFO [predictor] SPY_bt: señal=SELL confianza=0.738
2026-03-16 10:18:33,464 INFO [predictor] SPY_bt: señal=SELL confianza=0.689
2026-03-16 10:18:33,466 INFO [predictor] SPY_bt: señal=SELL confianza=0.808
2026-03-16 10:18:33,469 INFO [predictor] SPY_bt: señal=SELL confianza=0.673
2026-03-16 10:18:33,470 INFO [predictor] SPY_bt: señal=SELL confianza=0.571
2026-03-16 10:18:33,471 INFO [predictor] SPY_bt: señal=SELL confianza=0.651
2026-03-16 10:18:33,472 INFO [predictor] SPY_bt: señal=SELL confianza=0.681
2026-03-16 10:18:33,473 INFO [predictor] SPY_bt: señal=SELL confianza=0.722
2026-03-16 10:18:33,474 INFO [predictor] SPY_bt: señal=SELL confianza=0.729
2026-03-16 10:18:33,475 INFO [predictor] SPY_bt: señal=SELL confianza=0.641
2026-03-16 10:18:33,476 INFO [predictor] SPY_bt: señal=SELL confianza=0.757
2026-03-16 10:18:33,477 INFO [predictor] SPY_bt: señal=SELL confianza=0.679
2026-03-16 10:18:33,478 INFO [predictor] SPY_bt: señal=SELL confianza=0.820
2026-03-16 10:18:33,479 INFO [predictor] SPY_bt: señal=SELL confianza=0.717
2026-03-16 10:18:33,480 INFO [predictor] SPY_bt: señal=SELL confianza=0.738
2026-03-16 10:18:33,481 INFO [predictor] SPY_bt: señal=SELL confianza=0.651
2026-03-16 10:18:33,481 INFO [predictor] SPY_bt: señal=SELL confianza=0.640
2026-03-16 10:32:34,151 INFO [predictor] AAPL fold 1: accuracy=0.667
2026-03-16 10:32:34,212 INFO [predictor] AAPL fold 2: accuracy=0.472
2026-03-16 10:32:34,287 INFO [predictor] AAPL fold 3: accuracy=0.472
2026-03-16 10:32:34,354 INFO [predictor] AAPL: modelo guardado en disco
2026-03-16 10:32:34,354 INFO [predictor] AAPL: entrenado. Accuracy CV = 0.537
2026-03-16 10:32:34,528 INFO [predictor] MSFT fold 1: accuracy=0.639
2026-03-16 10:32:34,602 INFO [predictor] MSFT fold 2: accuracy=0.528
2026-03-16 10:32:34,674 INFO [predictor] MSFT fold 3: accuracy=0.389
2026-03-16 10:32:34,753 INFO [predictor] MSFT: modelo guardado en disco
2026-03-16 10:32:34,753 INFO [predictor] MSFT: entrenado. Accuracy CV = 0.519
2026-03-16 10:32:34,923 INFO [predictor] NVDA fold 1: accuracy=0.556
2026-03-16 10:32:34,994 INFO [predictor] NVDA fold 2: accuracy=0.528
2026-03-16 10:32:35,064 INFO [predictor] NVDA fold 3: accuracy=0.500
2026-03-16 10:32:35,147 INFO [predictor] NVDA: modelo guardado en disco
2026-03-16 10:32:35,148 INFO [predictor] NVDA: entrenado. Accuracy CV = 0.528
2026-03-16 10:32:35,401 INFO [predictor] SPY fold 1: accuracy=0.583
2026-03-16 10:32:35,462 INFO [predictor] SPY fold 2: accuracy=0.528
2026-03-16 10:32:35,530 INFO [predictor] SPY fold 3: accuracy=0.417
2026-03-16 10:32:35,610 INFO [predictor] SPY: modelo guardado en disco
2026-03-16 10:32:35,610 INFO [predictor] SPY: entrenado. Accuracy CV = 0.509
2026-03-16 10:32:35,737 INFO [predictor] AAPL: señal=SELL confianza=0.783
2026-03-16 10:32:36,097 INFO [predictor] MSFT: señal=SELL confianza=0.856
2026-03-16 10:32:36,450 INFO [predictor] NVDA: señal=SELL confianza=0.924
2026-03-16 10:32:36,891 INFO [predictor] SPY: señal=SELL confianza=0.837
2026-03-16 10:51:06,760 INFO [predictor] AAPL fold 1: accuracy=0.667
2026-03-16 10:51:06,783 INFO [predictor] AAPL fold 2: accuracy=0.472
2026-03-16 10:51:06,810 INFO [predictor] AAPL fold 3: accuracy=0.472
2026-03-16 10:51:06,842 INFO [predictor] AAPL: modelo guardado en disco
2026-03-16 10:51:06,843 INFO [predictor] AAPL: entrenado. Accuracy CV = 0.537
2026-03-16 10:51:06,978 INFO [predictor] MSFT fold 1: accuracy=0.639
2026-03-16 10:51:07,003 INFO [predictor] MSFT fold 2: accuracy=0.528
2026-03-16 10:51:07,027 INFO [predictor] MSFT fold 3: accuracy=0.389
2026-03-16 10:51:07,070 INFO [predictor] MSFT: modelo guardado en disco
2026-03-16 10:51:07,071 INFO [predictor] MSFT: entrenado. Accuracy CV = 0.519
2026-03-16 10:51:07,300 INFO [predictor] NVDA fold 1: accuracy=0.556
2026-03-16 10:51:07,366 INFO [predictor] NVDA fold 2: accuracy=0.528
2026-03-16 10:51:07,438 INFO [predictor] NVDA fold 3: accuracy=0.500
2026-03-16 10:51:07,485 INFO [predictor] NVDA: modelo guardado en disco
2026-03-16 10:51:07,485 INFO [predictor] NVDA: entrenado. Accuracy CV = 0.528
2026-03-16 10:51:07,765 INFO [predictor] SPY fold 1: accuracy=0.583
2026-03-16 10:51:07,800 INFO [predictor] SPY fold 2: accuracy=0.528
2026-03-16 10:51:07,826 INFO [predictor] SPY fold 3: accuracy=0.417
2026-03-16 10:51:07,857 INFO [predictor] SPY: modelo guardado en disco
2026-03-16 10:51:07,858 INFO [predictor] SPY: entrenado. Accuracy CV = 0.509
2026-03-16 10:51:07,996 INFO [predictor] AAPL: señal=SELL confianza=0.783
2026-03-16 10:51:08,403 INFO [predictor] MSFT: señal=SELL confianza=0.856
2026-03-16 10:51:09,386 INFO [predictor] NVDA: señal=SELL confianza=0.924
2026-03-16 10:51:10,024 INFO [predictor] SPY: señal=SELL confianza=0.837
2026-03-16 10:53:26,932 INFO [predictor] AAPL fold 1: accuracy=0.667
2026-03-16 10:53:26,953 INFO [predictor] AAPL fold 2: accuracy=0.472
2026-03-16 10:53:26,979 INFO [predictor] AAPL fold 3: accuracy=0.472
2026-03-16 10:53:27,019 INFO [predictor] AAPL: modelo guardado en disco
2026-03-16 10:53:27,019 INFO [predictor] AAPL: entrenado. Accuracy CV = 0.537
2026-03-16 10:53:27,408 INFO [predictor] MSFT fold 1: accuracy=0.639
2026-03-16 10:53:27,447 INFO [predictor] MSFT fold 2: accuracy=0.528
2026-03-16 10:53:27,473 INFO [predictor] MSFT fold 3: accuracy=0.389
2026-03-16 10:53:27,501 INFO [predictor] MSFT: modelo guardado en disco
2026-03-16 10:53:27,501 INFO [predictor] MSFT: entrenado. Accuracy CV = 0.519
2026-03-16 10:53:27,918 INFO [predictor] NVDA fold 1: accuracy=0.556
2026-03-16 10:53:27,946 INFO [predictor] NVDA fold 2: accuracy=0.528
2026-03-16 10:53:27,974 INFO [predictor] NVDA fold 3: accuracy=0.500
2026-03-16 10:53:28,004 INFO [predictor] NVDA: modelo guardado en disco
2026-03-16 10:53:28,004 INFO [predictor] NVDA: entrenado. Accuracy CV = 0.528
2026-03-16 10:53:28,444 INFO [predictor] SPY fold 1: accuracy=0.583
2026-03-16 10:53:28,465 INFO [predictor] SPY fold 2: accuracy=0.528
2026-03-16 10:53:28,493 INFO [predictor] SPY fold 3: accuracy=0.417
2026-03-16 10:53:28,520 INFO [predictor] SPY: modelo guardado en disco
2026-03-16 10:53:28,520 INFO [predictor] SPY: entrenado. Accuracy CV = 0.509
2026-03-16 10:53:28,734 INFO [predictor] AAPL: señal=SELL confianza=0.783
2026-03-16 10:53:29,291 INFO [predictor] MSFT: señal=SELL confianza=0.856
2026-03-16 10:53:29,794 INFO [predictor] NVDA: señal=SELL confianza=0.924
2026-03-16 10:53:30,310 INFO [predictor] SPY: señal=SELL confianza=0.837
2026-03-16 11:10:48,265 INFO [predictor] AAPL fold 1: accuracy=0.667
2026-03-16 11:10:48,286 INFO [predictor] AAPL fold 2: accuracy=0.472
2026-03-16 11:10:48,310 INFO [predictor] AAPL fold 3: accuracy=0.472
2026-03-16 11:10:48,343 INFO [predictor] AAPL: modelo guardado en disco
2026-03-16 11:10:48,343 INFO [predictor] AAPL: entrenado. Accuracy CV = 0.537
2026-03-16 11:10:48,708 INFO [predictor] MSFT fold 1: accuracy=0.639
2026-03-16 11:10:48,766 INFO [predictor] MSFT fold 2: accuracy=0.528
2026-03-16 11:10:48,790 INFO [predictor] MSFT fold 3: accuracy=0.389
2026-03-16 11:10:48,819 INFO [predictor] MSFT: modelo guardado en disco
2026-03-16 11:10:48,819 INFO [predictor] MSFT: entrenado. Accuracy CV = 0.519
2026-03-16 11:10:49,244 INFO [predictor] NVDA fold 1: accuracy=0.556
2026-03-16 11:10:49,266 INFO [predictor] NVDA fold 2: accuracy=0.528
2026-03-16 11:10:49,293 INFO [predictor] NVDA fold 3: accuracy=0.500
2026-03-16 11:10:49,322 INFO [predictor] NVDA: modelo guardado en disco
2026-03-16 11:10:49,322 INFO [predictor] NVDA: entrenado. Accuracy CV = 0.528
2026-03-16 11:10:49,767 INFO [predictor] SPY fold 1: accuracy=0.583
2026-03-16 11:10:49,787 INFO [predictor] SPY fold 2: accuracy=0.528
2026-03-16 11:10:49,811 INFO [predictor] SPY fold 3: accuracy=0.417
2026-03-16 11:10:49,839 INFO [predictor] SPY: modelo guardado en disco
2026-03-16 11:10:49,839 INFO [predictor] SPY: entrenado. Accuracy CV = 0.509
2026-03-16 11:10:50,129 INFO [predictor] AAPL: señal=SELL confianza=0.783
2026-03-16 11:10:50,702 INFO [predictor] MSFT: señal=SELL confianza=0.856
2026-03-16 11:10:51,253 INFO [predictor] NVDA: señal=SELL confianza=0.924
2026-03-16 11:10:51,770 INFO [predictor] SPY: señal=SELL confianza=0.837
2026-03-16 13:12:55,618 INFO [predictor] AAPL: señal=SELL confianza=0.783
2026-03-16 13:12:56,161 INFO [predictor] MSFT: señal=SELL confianza=0.856
2026-03-16 13:12:56,666 INFO [predictor] NVDA: señal=SELL confianza=0.924
2026-03-16 13:12:57,349 INFO [predictor] SPY: señal=SELL confianza=0.837
2026-03-16 14:13:24,353 INFO [predictor] AAPL: señal=SELL confianza=0.783
2026-03-16 14:13:25,134 INFO [predictor] MSFT: señal=SELL confianza=0.856
2026-03-16 14:13:25,659 INFO [predictor] NVDA: señal=SELL confianza=0.924
2026-03-16 14:13:26,416 INFO [predictor] SPY: señal=SELL confianza=0.837
